[33;1m2026-06-17 14:42:28,988 - mani_skill  - WARNING - mani_skill is not installed with git.[0m
  step   0  phase=OPEN      parcel=0  tcp=[-0.    0.    0.17]  sorted=0.0
  step  20  phase=DESCEND   parcel=0  tcp=[-0.061  0.002  0.078]  sorted=0.0
  step  40  phase=LIFT      parcel=0  tcp=[-0.077 -0.008  0.2  ]  sorted=0.0
  step  60  phase=RELEASE   parcel=0  tcp=[-0.006  0.359  0.085]  sorted=1.0
  step  80  phase=DESCEND   parcel=1  tcp=[0.058 0.004 0.225]  sorted=1.0
  step 100  phase=LIFT      parcel=1  tcp=[0.035 0.001 0.062]  sorted=1.0
  step 120  phase=DROP      parcel=1  tcp=[-0.007 -0.366  0.162]  sorted=1.0
  step 140  phase=DONE      parcel=2  tcp=[-0.001 -0.104  0.263]  sorted=2.0
  ep   0 seed=1000 sorted=2/2 success=True
  step   0  phase=OPEN      parcel=0  tcp=[-0.    0.    0.17]  sorted=0.0
  step  20  phase=DESCEND   parcel=0  tcp=[-0.055  0.002  0.122]  sorted=0.0
  step  40  phase=LIFT      parcel=0  tcp=[-0.084  0.004  0.201]  sorted=0.0
  step  60  phase=RELEASE   parcel=0  tcp=[-0.003  0.35   0.083]  sorted=1.0
  step  80  phase=ABOVE     parcel=1  tcp=[0.056 0.005 0.217]  sorted=1.0
  step 100  phase=GRASP     parcel=1  tcp=[ 0.052 -0.003  0.06 ]  sorted=1.0
  step 120  phase=CARRY     parcel=1  tcp=[ 0.005 -0.138  0.276]  sorted=1.0
  step 140  phase=RELEASE   parcel=1  tcp=[-0.015 -0.364  0.096]  sorted=2.0
  step 160  phase=DONE      parcel=2  tcp=[-0.003  0.001  0.255]  sorted=2.0
  ep   1 seed=1001 sorted=2/2 success=True
  step   0  phase=OPEN      parcel=0  tcp=[-0.    0.    0.17]  sorted=0.0
  step  20  phase=DESCEND   parcel=0  tcp=[-0.063 -0.001  0.072]  sorted=0.0
  step  40  phase=CARRY     parcel=0  tcp=[-0.081 -0.014  0.277]  sorted=0.0
  step  60  phase=RELEASE   parcel=0  tcp=[-0.011  0.357  0.087]  sorted=1.0
  step  80  phase=DESCEND   parcel=1  tcp=[ 0.058 -0.006  0.22 ]  sorted=1.0
  step 100  phase=LIFT      parcel=1  tcp=[ 0.057 -0.01   0.059]  sorted=1.0
  step 120  phase=DROP      parcel=1  tcp=[-0.007 -0.37   0.162]  sorted=1.0
  step 140  phase=DONE      parcel=2  tcp=[-0.003 -0.097  0.261]  sorted=2.0
  ep   2 seed=1002 sorted=2/2 success=True
  step   0  phase=OPEN      parcel=0  tcp=[-0.    0.    0.17]  sorted=0.0
  step  20  phase=DESCEND   parcel=0  tcp=[-0.063  0.004  0.073]  sorted=0.0
  step  40  phase=CARRY     parcel=0  tcp=[-0.084 -0.006  0.284]  sorted=0.0
  step  60  phase=RELEASE   parcel=0  tcp=[-0.016  0.355  0.079]  sorted=1.0
  step  80  phase=ABOVE     parcel=1  tcp=[ 0.055 -0.013  0.219]  sorted=1.0
  step 100  phase=GRASP     parcel=1  tcp=[ 0.06  -0.012  0.062]  sorted=1.0
  step 120  phase=CARRY     parcel=1  tcp=[-0.006 -0.314  0.261]  sorted=1.0
  step 140  phase=DONE      parcel=2  tcp=[-0.027 -0.294  0.163]  sorted=2.0
  ep   3 seed=1003 sorted=2/2 success=True
  step   0  phase=OPEN      parcel=0  tcp=[-0.    0.    0.17]  sorted=0.0
  step  20  phase=DESCEND   parcel=0  tcp=[-0.066  0.003  0.075]  sorted=0.0
  step  40  phase=LIFT      parcel=0  tcp=[-0.075 -0.014  0.203]  sorted=0.0
  step  60  phase=RELEASE   parcel=0  tcp=[-0.003  0.354  0.079]  sorted=1.0
  step  80  phase=ABOVE     parcel=1  tcp=[0.059 0.012 0.224]  sorted=1.0
  step 100  phase=GRASP     parcel=1  tcp=[0.054 0.003 0.064]  sorted=1.0
  step 120  phase=CARRY     parcel=1  tcp=[-0.005 -0.247  0.261]  sorted=1.0
  step 140  phase=DONE      parcel=2  tcp=[-0.027 -0.328  0.136]  sorted=2.0
  ep   4 seed=1004 sorted=2/2 success=True
  step   0  phase=OPEN      parcel=0  tcp=[-0.    0.    0.17]  sorted=0.0
  step  20  phase=DESCEND   parcel=0  tcp=[-0.062  0.002  0.094]  sorted=0.0
  step  40  phase=LIFT      parcel=0  tcp=[-0.103  0.     0.193]  sorted=0.0
  step  60  phase=RELEASE   parcel=0  tcp=[-0.009  0.356  0.082]  sorted=1.0
  step  80  phase=ABOVE     parcel=1  tcp=[0.052 0.003 0.217]  sorted=1.0
  step 100  phase=GRASP     parcel=1  tcp=[ 0.042 -0.     0.06 ]  sorted=1.0
  step 120  phase=CARRY     parcel=1  tcp=[-0.002 -0.251  0.261]  sorted=1.0
  step 140  phase=DONE      parcel=2  tcp=[-0.023 -0.325  0.124]  sorted=2.0
  ep   5 seed=1005 sorted=2/2 success=True
  step   0  phase=OPEN      parcel=0  tcp=[-0.    0.    0.17]  sorted=0.0
  step  20  phase=DESCEND   parcel=0  tcp=[-0.056  0.002  0.223]  sorted=0.0
  step  40  phase=LIFT      parcel=0  tcp=[-0.068 -0.015  0.08 ]  sorted=0.0
  step  60  phase=DROP      parcel=0  tcp=[-0.01   0.364  0.162]  sorted=0.0
  step  80  phase=ABOVE     parcel=1  tcp=[0.055 0.113 0.221]  sorted=1.0
  step 100  phase=GRASP     parcel=1  tcp=[0.063 0.004 0.061]  sorted=1.0
  step 120  phase=CARRY     parcel=1  tcp=[-0.007 -0.241  0.259]  sorted=1.0
  step 140  phase=DONE      parcel=2  tcp=[-0.011 -0.349  0.114]  sorted=2.0
  step 160  phase=DONE      parcel=2  tcp=[0.006 0.004 0.264]  sorted=2.0
  ep   6 seed=1006 sorted=2/2 success=True
  step   0  phase=OPEN      parcel=0  tcp=[-0.    0.    0.17]  sorted=0.0
  step  20  phase=DESCEND   parcel=0  tcp=[-0.063  0.001  0.073]  sorted=0.0
  step  40  phase=LIFT      parcel=0  tcp=[-0.093  0.002  0.194]  sorted=0.0
  step  60  phase=RELEASE   parcel=0  tcp=[-0.006  0.357  0.082]  sorted=1.0
  step  80  phase=ABOVE     parcel=1  tcp=[0.051 0.002 0.219]  sorted=1.0
  step 100  phase=GRASP     parcel=1  tcp=[ 0.064 -0.002  0.058]  sorted=1.0
  step 120  phase=CARRY     parcel=1  tcp=[-0.001 -0.204  0.261]  sorted=1.0
  step 140  phase=DONE      parcel=2  tcp=[-0.01  -0.349  0.105]  sorted=2.0
  step 160  phase=DONE      parcel=2  tcp=[-0.    -0.002  0.263]  sorted=2.0
  ep   7 seed=1007 sorted=2/2 success=True
  step   0  phase=OPEN      parcel=0  tcp=[-0.    0.    0.17]  sorted=0.0
  step  20  phase=GRASP     parcel=0  tcp=[-0.064 -0.     0.065]  sorted=0.0
  step  40  phase=CARRY     parcel=0  tcp=[-0.068  0.002  0.315]  sorted=0.0
  step  60  phase=RELEASE   parcel=0  tcp=[-0.015  0.348  0.083]  sorted=1.0
  step  80  phase=DESCEND   parcel=1  tcp=[ 0.065 -0.007  0.156]  sorted=1.0
  step 100  phase=LIFT      parcel=1  tcp=[ 0.029 -0.006  0.157]  sorted=1.0
  step 120  phase=RELEASE   parcel=1  tcp=[-0.01  -0.358  0.084]  sorted=2.0
  step 140  phase=DONE      parcel=2  tcp=[ 0.005 -0.007  0.264]  sorted=2.0
  ep   8 seed=1008 sorted=2/2 success=True
  step   0  phase=OPEN      parcel=0  tcp=[-0.    0.    0.17]  sorted=0.0
  step  20  phase=GRASP     parcel=0  tcp=[-0.062 -0.001  0.064]  sorted=0.0
  step  40  phase=CARRY     parcel=0  tcp=[-0.085 -0.003  0.318]  sorted=0.0
  step  60  phase=RELEASE   parcel=0  tcp=[-0.014  0.354  0.082]  sorted=1.0
  step  80  phase=ABOVE     parcel=1  tcp=[ 0.054 -0.01   0.222]  sorted=1.0
  step 100  phase=GRASP     parcel=1  tcp=[ 0.059 -0.001  0.059]  sorted=1.0
  step 120  phase=DROP      parcel=1  tcp=[-0.006 -0.323  0.258]  sorted=1.0
  step 140  phase=DONE      parcel=2  tcp=[-0.027 -0.29   0.17 ]  sorted=2.0
  ep   9 seed=1009 sorted=2/2 success=True
  step   0  phase=OPEN      parcel=0  tcp=[-0.    0.    0.17]  sorted=0.0
  step  20  phase=DESCEND   parcel=0  tcp=[-0.057  0.004  0.087]  sorted=0.0
  step  40  phase=LIFT      parcel=0  tcp=[-0.07  -0.006  0.197]  sorted=0.0
  step  60  phase=RELEASE   parcel=0  tcp=[-0.01   0.355  0.084]  sorted=1.0
  step  80  phase=DESCEND   parcel=1  tcp=[0.057 0.002 0.221]  sorted=1.0
  step 100  phase=LIFT      parcel=1  tcp=[ 0.045 -0.003  0.065]  sorted=1.0
  step 120  phase=DROP      parcel=1  tcp=[-0.007 -0.37   0.162]  sorted=1.0
  step 140  phase=DONE      parcel=2  tcp=[-0.005 -0.105  0.26 ]  sorted=2.0
  ep  10 seed=1010 sorted=2/2 success=True
  step   0  phase=OPEN      parcel=0  tcp=[-0.    0.    0.17]  sorted=0.0
  step  20  phase=DESCEND   parcel=0  tcp=[-0.046  0.001  0.196]  sorted=0.0
  step  40  phase=LIFT      parcel=0  tcp=[-0.06  -0.009  0.061]  sorted=0.0
  step  60  phase=DROP      parcel=0  tcp=[-0.007  0.363  0.201]  sorted=0.0
  step  80  phase=ABOVE     parcel=1  tcp=[0.05 0.13 0.22]  sorted=1.0
  step 100  phase=GRASP     parcel=1  tcp=[0.05  0.001 0.061]  sorted=1.0
  step 120  phase=CARRY     parcel=1  tcp=[-0.001 -0.286  0.259]  sorted=1.0
  step 140  phase=DONE      parcel=2  tcp=[-0.019 -0.293  0.17 ]  sorted=2.0
  ep  11 seed=1011 sorted=2/2 success=True
  step   0  phase=OPEN      parcel=0  tcp=[-0.    0.    0.17]  sorted=0.0
  step  20  phase=GRASP     parcel=0  tcp=[-0.064  0.002  0.064]  sorted=0.0
  step  40  phase=CARRY     parcel=0  tcp=[-0.072  0.     0.31 ]  sorted=0.0
  step  60  phase=RELEASE   parcel=0  tcp=[-0.004  0.355  0.091]  sorted=1.0
  step  80  phase=DESCEND   parcel=1  tcp=[ 0.057 -0.011  0.165]  sorted=1.0
  step 100  phase=LIFT      parcel=1  tcp=[ 0.04  -0.006  0.112]  sorted=1.0
  step 120  phase=RELEASE   parcel=1  tcp=[-0.009 -0.36   0.099]  sorted=1.0
  step 140  phase=DONE      parcel=2  tcp=[-0.001 -0.028  0.264]  sorted=2.0
  ep  12 seed=1012 sorted=2/2 success=True
  step   0  phase=OPEN      parcel=0  tcp=[-0.    0.    0.17]  sorted=0.0
  step  20  phase=DESCEND   parcel=0  tcp=[-0.059  0.002  0.09 ]  sorted=0.0
  step  40  phase=LIFT      parcel=0  tcp=[-0.063 -0.005  0.235]  sorted=0.0
  step  60  phase=RELEASE   parcel=0  tcp=[-0.007  0.357  0.079]  sorted=1.0
  step  80  phase=DESCEND   parcel=1  tcp=[ 0.055 -0.004  0.219]  sorted=1.0
  step 100  phase=GRASP     parcel=1  tcp=[0.045 0.003 0.062]  sorted=1.0
  step 120  phase=DROP      parcel=1  tcp=[-0.006 -0.323  0.255]  sorted=1.0
  step 140  phase=DONE      parcel=2  tcp=[-0.015 -0.245  0.206]  sorted=2.0
  ep  13 seed=1013 sorted=2/2 success=True
  step   0  phase=OPEN      parcel=0  tcp=[-0.    0.    0.17]  sorted=0.0
  step  20  phase=DESCEND   parcel=0  tcp=[-0.053  0.002  0.121]  sorted=0.0
  step  40  phase=LIFT      parcel=0  tcp=[-0.073 -0.023  0.195]  sorted=0.0
  step  60  phase=RELEASE   parcel=0  tcp=[-0.003  0.352  0.08 ]  sorted=1.0
  step  80  phase=ABOVE     parcel=1  tcp=[0.053 0.011 0.216]  sorted=1.0
  step 100  phase=LIFT      parcel=1  tcp=[ 0.045 -0.009  0.059]  sorted=1.0
  step 120  phase=DROP      parcel=1  tcp=[-0.006 -0.37   0.164]  sorted=1.0
  step 140  phase=DONE      parcel=2  tcp=[-0.005 -0.103  0.263]  sorted=2.0
  ep  14 seed=1014 sorted=2/2 success=True
  step   0  phase=OPEN      parcel=0  tcp=[-0.    0.    0.17]  sorted=0.0
  step  20  phase=DESCEND   parcel=0  tcp=[-0.055 -0.002  0.161]  sorted=0.0
  step  40  phase=LIFT      parcel=0  tcp=[-0.067 -0.014  0.164]  sorted=0.0
  step  60  phase=RELEASE   parcel=0  tcp=[-0.007  0.363  0.104]  sorted=0.0
  step  80  phase=ABOVE     parcel=1  tcp=[0.054 0.025 0.221]  sorted=1.0
  step 100  phase=GRASP     parcel=1  tcp=[ 0.053 -0.005  0.062]  sorted=1.0
  step 120  phase=DROP      parcel=1  tcp=[-0.013 -0.345  0.256]  sorted=1.0
  step 140  phase=DONE      parcel=2  tcp=[-0.016 -0.248  0.21 ]  sorted=2.0
  ep  15 seed=1015 sorted=2/2 success=True
  step   0  phase=OPEN      parcel=0  tcp=[-0.    0.    0.17]  sorted=0.0
  step  20  phase=DESCEND   parcel=0  tcp=[-0.063  0.001  0.075]  sorted=0.0
  step  40  phase=CARRY     parcel=0  tcp=[-0.078 -0.005  0.278]  sorted=0.0
  step  60  phase=RELEASE   parcel=0  tcp=[-0.013  0.348  0.082]  sorted=1.0
  step  80  phase=DESCEND   parcel=1  tcp=[ 0.063 -0.006  0.203]  sorted=1.0
  step 100  phase=LIFT      parcel=1  tcp=[ 0.077 -0.013  0.061]  sorted=1.0
  step 120  phase=DROP      parcel=1  tcp=[-0.004 -0.37   0.203]  sorted=1.0
  step 140  phase=DONE      parcel=2  tcp=[-0.004 -0.144  0.257]  sorted=2.0
  ep  16 seed=1016 sorted=2/2 success=True
  step   0  phase=OPEN      parcel=0  tcp=[-0.    0.    0.17]  sorted=0.0
  step  20  phase=DESCEND   parcel=0  tcp=[-0.055  0.002  0.125]  sorted=0.0
  step  40  phase=LIFT      parcel=0  tcp=[-0.081 -0.     0.2  ]  sorted=0.0
  step  60  phase=RELEASE   parcel=0  tcp=[-0.009  0.352  0.082]  sorted=1.0
  step  80  phase=ABOVE     parcel=1  tcp=[0.056 0.006 0.217]  sorted=1.0
  step 100  phase=GRASP     parcel=1  tcp=[ 0.052 -0.008  0.066]  sorted=1.0
  step 120  phase=DROP      parcel=1  tcp=[-0.004 -0.361  0.237]  sorted=1.0
  step 140  phase=DONE      parcel=2  tcp=[-0.006 -0.176  0.249]  sorted=2.0
  ep  17 seed=1017 sorted=2/2 success=True
  step   0  phase=OPEN      parcel=0  tcp=[-0.    0.    0.17]  sorted=0.0
  step  20  phase=GRASP     parcel=0  tcp=[-0.063 -0.     0.067]  sorted=0.0
  step  40  phase=DESCEND   parcel=0  tcp=[-0.043  0.066  0.155]  sorted=0.0
  step  60  phase=LIFT      parcel=0  tcp=[-0.057  0.046  0.156]  sorted=0.0
  step  80  phase=RELEASE   parcel=0  tcp=[-0.005  0.354  0.082]  sorted=1.0
  step 100  phase=ABOVE     parcel=1  tcp=[0.058 0.005 0.22 ]  sorted=1.0
  step 120  phase=GRASP     parcel=1  tcp=[ 0.059 -0.002  0.06 ]  sorted=1.0
  step 140  phase=DROP      parcel=1  tcp=[-0.006 -0.363  0.24 ]  sorted=1.0
  step 160  phase=DONE      parcel=2  tcp=[ 0.001 -0.167  0.251]  sorted=2.0
  ep  18 seed=1018 sorted=2/2 success=True
  step   0  phase=OPEN      parcel=0  tcp=[-0.    0.    0.17]  sorted=0.0
  step  20  phase=DESCEND   parcel=0  tcp=[-0.061 -0.001  0.091]  sorted=0.0
  step  40  phase=LIFT      parcel=0  tcp=[-0.076  0.003  0.233]  sorted=0.0
  step  60  phase=RELEASE   parcel=0  tcp=[-0.011  0.357  0.078]  sorted=1.0
  step  80  phase=DESCEND   parcel=1  tcp=[ 0.055 -0.     0.219]  sorted=1.0
  step 100  phase=LIFT      parcel=1  tcp=[ 0.051 -0.006  0.063]  sorted=1.0
  step 120  phase=DROP      parcel=1  tcp=[-0.007 -0.366  0.168]  sorted=1.0
  step 140  phase=DONE      parcel=2  tcp=[-0.002 -0.099  0.26 ]  sorted=2.0
  ep  19 seed=1019 sorted=2/2 success=True
  step   0  phase=OPEN      parcel=0  tcp=[-0.    0.    0.17]  sorted=0.0
  step  20  phase=GRASP     parcel=0  tcp=[-0.063  0.001  0.062]  sorted=0.0
  step  40  phase=CARRY     parcel=0  tcp=[-0.083  0.01   0.321]  sorted=0.0
  step  60  phase=RELEASE   parcel=0  tcp=[-0.014  0.352  0.085]  sorted=1.0
  step  80  phase=ABOVE     parcel=1  tcp=[ 0.054 -0.009  0.22 ]  sorted=1.0
  step 100  phase=GRASP     parcel=1  tcp=[0.058 0.007 0.057]  sorted=1.0
  step 120  phase=DROP      parcel=1  tcp=[-0.007 -0.347  0.258]  sorted=1.0
  step 140  phase=DONE      parcel=2  tcp=[-0.008 -0.222  0.237]  sorted=2.0
  ep  20 seed=1020 sorted=2/2 success=True
  step   0  phase=OPEN      parcel=0  tcp=[-0.    0.    0.17]  sorted=0.0
  step  20  phase=DESCEND   parcel=0  tcp=[-0.06   0.002  0.068]  sorted=0.0
  step  40  phase=CARRY     parcel=0  tcp=[-0.089  0.008  0.284]  sorted=0.0
  step  60  phase=RELEASE   parcel=0  tcp=[-0.01   0.349  0.093]  sorted=1.0
  step  80  phase=DESCEND   parcel=1  tcp=[ 0.062 -0.003  0.162]  sorted=1.0
  step 100  phase=LIFT      parcel=1  tcp=[0.056 0.002 0.147]  sorted=1.0
  step 120  phase=RELEASE   parcel=1  tcp=[-0.007 -0.36   0.103]  sorted=1.0
  step 140  phase=DONE      parcel=2  tcp=[-0.004 -0.024  0.264]  sorted=2.0
  ep  21 seed=1021 sorted=2/2 success=True
  step   0  phase=OPEN      parcel=0  tcp=[-0.    0.    0.17]  sorted=0.0
  step  20  phase=GRASP     parcel=0  tcp=[-0.06   0.     0.067]  sorted=0.0
  step  40  phase=CARRY     parcel=0  tcp=[-0.059  0.003  0.314]  sorted=0.0
  step  60  phase=RELEASE   parcel=0  tcp=[-0.012  0.353  0.087]  sorted=1.0
  step  80  phase=DESCEND   parcel=1  tcp=[ 0.056 -0.001  0.166]  sorted=1.0
  step 100  phase=LIFT      parcel=1  tcp=[ 0.05  -0.005  0.143]  sorted=1.0
  step 120  phase=RELEASE   parcel=1  tcp=[-0.012 -0.355  0.086]  sorted=2.0
  step 140  phase=DONE      parcel=2  tcp=[-0.002 -0.012  0.26 ]  sorted=2.0
  ep  22 seed=1022 sorted=2/2 success=True
  step   0  phase=OPEN      parcel=0  tcp=[-0.    0.    0.17]  sorted=0.0
  step  20  phase=DESCEND   parcel=0  tcp=[-0.064 -0.003  0.077]  sorted=0.0
  step  40  phase=CARRY     parcel=0  tcp=[-0.074  0.009  0.273]  sorted=0.0
  step  60  phase=RELEASE   parcel=0  tcp=[-0.009  0.356  0.084]  sorted=1.0
  step  80  phase=ABOVE     parcel=1  tcp=[ 0.056 -0.008  0.219]  sorted=1.0
  step 100  phase=GRASP     parcel=1  tcp=[ 0.051 -0.004  0.059]  sorted=1.0
  step 120  phase=CARRY     parcel=1  tcp=[-0.002 -0.294  0.26 ]  sorted=1.0
  step 140  phase=DONE      parcel=2  tcp=[-0.019 -0.286  0.166]  sorted=2.0
  ep  23 seed=1023 sorted=2/2 success=True
  step   0  phase=OPEN      parcel=0  tcp=[-0.    0.    0.17]  sorted=0.0
  step  20  phase=DESCEND   parcel=0  tcp=[-0.059 -0.001  0.09 ]  sorted=0.0
  step  40  phase=LIFT      parcel=0  tcp=[-0.073 -0.018  0.243]  sorted=0.0
  step  60  phase=RELEASE   parcel=0  tcp=[-0.011  0.352  0.084]  sorted=1.0
  step  80  phase=DESCEND   parcel=1  tcp=[ 0.061 -0.008  0.219]  sorted=1.0
  step 100  phase=LIFT      parcel=1  tcp=[ 0.05  -0.003  0.075]  sorted=1.0
  step 120  phase=DROP      parcel=1  tcp=[-0.006 -0.363  0.125]  sorted=1.0
  step 140  phase=DONE      parcel=2  tcp=[-0.006 -0.064  0.265]  sorted=2.0
  ep  24 seed=1024 sorted=2/2 success=True
  step   0  phase=OPEN      parcel=0  tcp=[-0.    0.    0.17]  sorted=0.0
  step  20  phase=DESCEND   parcel=0  tcp=[-0.063 -0.005  0.072]  sorted=0.0
  step  40  phase=CARRY     parcel=0  tcp=[-0.069  0.006  0.275]  sorted=0.0
  step  60  phase=RELEASE   parcel=0  tcp=[-0.008  0.354  0.08 ]  sorted=1.0
  step  80  phase=DESCEND   parcel=1  tcp=[ 0.057 -0.006  0.222]  sorted=1.0
  step 100  phase=LIFT      parcel=1  tcp=[ 0.019 -0.014  0.083]  sorted=1.0
  step 120  phase=DROP      parcel=1  tcp=[-0.005 -0.363  0.125]  sorted=1.0
  step 140  phase=DONE      parcel=2  tcp=[-0.001 -0.048  0.256]  sorted=2.0
  ep  25 seed=1025 sorted=2/2 success=True
  step   0  phase=OPEN      parcel=0  tcp=[-0.    0.    0.17]  sorted=0.0
  step  20  phase=DESCEND   parcel=0  tcp=[-0.065  0.001  0.062]  sorted=0.0
  step  40  phase=LIFT      parcel=0  tcp=[-0.069  0.001  0.233]  sorted=0.0
  step  60  phase=RELEASE   parcel=0  tcp=[-0.01   0.357  0.077]  sorted=1.0
  step  80  phase=ABOVE     parcel=1  tcp=[0.057 0.006 0.219]  sorted=1.0
  step 100  phase=LIFT      parcel=1  tcp=[ 0.046 -0.009  0.062]  sorted=1.0
  step 120  phase=DROP      parcel=1  tcp=[-0.003 -0.372  0.2  ]  sorted=1.0
  step 140  phase=DONE      parcel=2  tcp=[-0.005 -0.144  0.257]  sorted=2.0
  ep  26 seed=1026 sorted=2/2 success=True
  step   0  phase=OPEN      parcel=0  tcp=[-0.    0.    0.17]  sorted=0.0
  step  20  phase=DESCEND   parcel=0  tcp=[-0.065 -0.004  0.079]  sorted=0.0
  step  40  phase=CARRY     parcel=0  tcp=[-0.065 -0.005  0.276]  sorted=0.0
  step  60  phase=RELEASE   parcel=0  tcp=[-0.011  0.35   0.079]  sorted=1.0
  step  80  phase=DESCEND   parcel=1  tcp=[ 0.063 -0.01   0.206]  sorted=1.0
  step 100  phase=GRASP     parcel=1  tcp=[0.049 0.005 0.059]  sorted=1.0
  step 120  phase=DROP      parcel=1  tcp=[-0.011 -0.353  0.261]  sorted=1.0
  step 140  phase=DONE      parcel=2  tcp=[-0.008 -0.225  0.224]  sorted=2.0
  ep  27 seed=1027 sorted=2/2 success=True
  step   0  phase=OPEN      parcel=0  tcp=[-0.    0.    0.17]  sorted=0.0
  step  20  phase=DESCEND   parcel=0  tcp=[-0.064 -0.006  0.058]  sorted=0.0
  step  40  phase=CARRY     parcel=0  tcp=[-0.069 -0.005  0.267]  sorted=0.0
  step  60  phase=RELEASE   parcel=0  tcp=[-0.014  0.353  0.082]  sorted=1.0
  step  80  phase=DESCEND   parcel=1  tcp=[ 0.055 -0.004  0.223]  sorted=1.0
  step 100  phase=LIFT      parcel=1  tcp=[ 0.034 -0.002  0.078]  sorted=1.0
  step 120  phase=DROP      parcel=1  tcp=[-0.007 -0.363  0.124]  sorted=1.0
  step 140  phase=DONE      parcel=2  tcp=[ 0.001 -0.046  0.266]  sorted=2.0
  ep  28 seed=1028 sorted=2/2 success=True
  step   0  phase=OPEN      parcel=0  tcp=[-0.    0.    0.17]  sorted=0.0
  step  20  phase=GRASP     parcel=0  tcp=[-0.061 -0.004  0.065]  sorted=0.0
  step  40  phase=CARRY     parcel=0  tcp=[-0.068 -0.004  0.323]  sorted=0.0
  step  60  phase=RELEASE   parcel=0  tcp=[-0.012  0.352  0.09 ]  sorted=1.0
  step  80  phase=DESCEND   parcel=1  tcp=[ 0.064 -0.003  0.17 ]  sorted=1.0
  step 100  phase=LIFT      parcel=1  tcp=[ 0.042 -0.001  0.153]  sorted=1.0
  step 120  phase=RELEASE   parcel=1  tcp=[-0.003 -0.363  0.088]  sorted=1.0
  step 140  phase=DONE      parcel=2  tcp=[-0.004 -0.029  0.26 ]  sorted=2.0
  ep  29 seed=1029 sorted=2/2 success=True
  step   0  phase=OPEN      parcel=0  tcp=[-0.    0.    0.17]  sorted=0.0
  step  20  phase=DESCEND   parcel=0  tcp=[-0.063 -0.003  0.077]  sorted=0.0
  step  40  phase=CARRY     parcel=0  tcp=[-0.081  0.01   0.268]  sorted=0.0
  step  60  phase=RELEASE   parcel=0  tcp=[-0.008  0.351  0.082]  sorted=1.0
  step  80  phase=DESCEND   parcel=1  tcp=[ 0.057 -0.005  0.216]  sorted=1.0
  step 100  phase=LIFT      parcel=1  tcp=[ 0.043 -0.004  0.07 ]  sorted=1.0
  step 120  phase=DROP      parcel=1  tcp=[-0.01  -0.371  0.156]  sorted=1.0
  step 140  phase=DONE      parcel=2  tcp=[ 0.002 -0.085  0.266]  sorted=2.0
  ep  30 seed=1030 sorted=2/2 success=True
  step   0  phase=OPEN      parcel=0  tcp=[-0.    0.    0.17]  sorted=0.0
  step  20  phase=GRASP     parcel=0  tcp=[-0.061 -0.002  0.065]  sorted=0.0
  step  40  phase=CARRY     parcel=0  tcp=[-0.1   -0.014  0.327]  sorted=0.0
  step  60  phase=RELEASE   parcel=0  tcp=[-0.018  0.357  0.087]  sorted=1.0
  step  80  phase=ABOVE     parcel=1  tcp=[ 0.056 -0.009  0.218]  sorted=1.0
  step 100  phase=GRASP     parcel=1  tcp=[0.044 0.003 0.072]  sorted=1.0
  step 120  phase=DROP      parcel=1  tcp=[-0.011 -0.342  0.255]  sorted=1.0
  step 140  phase=DONE      parcel=2  tcp=[-0.018 -0.253  0.203]  sorted=2.0
  ep  31 seed=1031 sorted=2/2 success=True
  step   0  phase=OPEN      parcel=0  tcp=[-0.    0.    0.17]  sorted=0.0
  step  20  phase=DESCEND   parcel=0  tcp=[-0.059  0.001  0.091]  sorted=0.0
  step  40  phase=LIFT      parcel=0  tcp=[-0.076 -0.019  0.164]  sorted=0.0
  step  60  phase=RELEASE   parcel=0  tcp=[-0.011  0.352  0.098]  sorted=0.0
  step  80  phase=ABOVE     parcel=1  tcp=[0.056 0.02  0.223]  sorted=1.0
  step 100  phase=GRASP     parcel=1  tcp=[ 0.061 -0.008  0.063]  sorted=1.0
  step 120  phase=DROP      parcel=1  tcp=[-0.006 -0.333  0.261]  sorted=1.0
  step 140  phase=DONE      parcel=2  tcp=[-0.017 -0.255  0.195]  sorted=2.0
  ep  32 seed=1032 sorted=2/2 success=True
  step   0  phase=OPEN      parcel=0  tcp=[-0.    0.    0.17]  sorted=0.0
  step  20  phase=DESCEND   parcel=0  tcp=[-0.065  0.005  0.074]  sorted=0.0
  step  40  phase=LIFT      parcel=0  tcp=[-0.079 -0.007  0.158]  sorted=0.0
  step  60  phase=RELEASE   parcel=0  tcp=[-0.001  0.355  0.1  ]  sorted=0.0
  step  80  phase=ABOVE     parcel=1  tcp=[0.059 0.021 0.222]  sorted=1.0
  step 100  phase=GRASP     parcel=1  tcp=[ 0.057 -0.01   0.054]  sorted=1.0
  step 120  phase=CARRY     parcel=1  tcp=[-0.004 -0.303  0.26 ]  sorted=1.0
  step 140  phase=DONE      parcel=2  tcp=[-0.027 -0.283  0.158]  sorted=2.0
  ep  33 seed=1033 sorted=2/2 success=True
  step   0  phase=OPEN      parcel=0  tcp=[-0.    0.    0.17]  sorted=0.0
  step  20  phase=DESCEND   parcel=0  tcp=[-0.063  0.002  0.075]  sorted=0.0
  step  40  phase=LIFT      parcel=0  tcp=[-0.07  -0.017  0.239]  sorted=0.0
  step  60  phase=RELEASE   parcel=0  tcp=[-0.023  0.351  0.08 ]  sorted=1.0
  step  80  phase=DESCEND   parcel=1  tcp=[ 0.052 -0.005  0.219]  sorted=1.0
  step 100  phase=LIFT      parcel=1  tcp=[0.021 0.005 0.106]  sorted=1.0
  step 120  phase=DROP      parcel=1  tcp=[-0.006 -0.363  0.125]  sorted=1.0
  step 140  phase=DONE      parcel=2  tcp=[ 0.001 -0.058  0.264]  sorted=2.0
  ep  34 seed=1034 sorted=2/2 success=True
  step   0  phase=OPEN      parcel=0  tcp=[-0.    0.    0.17]  sorted=0.0
  step  20  phase=DESCEND   parcel=0  tcp=[-0.066  0.003  0.076]  sorted=0.0
  step  40  phase=LIFT      parcel=0  tcp=[-0.075 -0.002  0.233]  sorted=0.0
  step  60  phase=RELEASE   parcel=0  tcp=[-0.01   0.354  0.08 ]  sorted=1.0
  step  80  phase=ABOVE     parcel=1  tcp=[ 0.058 -0.004  0.22 ]  sorted=1.0
  step 100  phase=GRASP     parcel=1  tcp=[ 0.046 -0.009  0.059]  sorted=1.0
  step 120  phase=DROP      parcel=1  tcp=[-0.005 -0.323  0.258]  sorted=1.0
  step 140  phase=DONE      parcel=2  tcp=[-0.02  -0.257  0.201]  sorted=2.0
  ep  35 seed=1035 sorted=2/2 success=True
  step   0  phase=OPEN      parcel=0  tcp=[-0.    0.    0.17]  sorted=0.0
  step  20  phase=DESCEND   parcel=0  tcp=[-0.059  0.003  0.077]  sorted=0.0
  step  40  phase=CARRY     parcel=0  tcp=[-0.062  0.003  0.279]  sorted=0.0
  step  60  phase=RELEASE   parcel=0  tcp=[-0.017  0.349  0.078]  sorted=1.0
  step  80  phase=DESCEND   parcel=1  tcp=[ 0.065 -0.014  0.202]  sorted=1.0
  step 100  phase=LIFT      parcel=1  tcp=[ 0.052 -0.005  0.108]  sorted=1.0
  step 120  phase=RELEASE   parcel=1  tcp=[-0.006 -0.358  0.102]  sorted=1.0
  step 140  phase=DONE      parcel=2  tcp=[-0.003 -0.025  0.263]  sorted=2.0
  ep  36 seed=1036 sorted=2/2 success=True
  step   0  phase=OPEN      parcel=0  tcp=[-0.    0.    0.17]  sorted=0.0
  step  20  phase=DESCEND   parcel=0  tcp=[-0.051  0.003  0.162]  sorted=0.0
  step  40  phase=LIFT      parcel=0  tcp=[-0.089 -0.006  0.157]  sorted=0.0
  step  60  phase=RELEASE   parcel=0  tcp=[-0.007  0.356  0.098]  sorted=0.0
  step  80  phase=ABOVE     parcel=1  tcp=[0.054 0.021 0.219]  sorted=1.0
  step 100  phase=GRASP     parcel=1  tcp=[ 0.055 -0.008  0.058]  sorted=1.0
  step 120  phase=DROP      parcel=1  tcp=[-0.006 -0.363  0.24 ]  sorted=1.0
  step 140  phase=DONE      parcel=2  tcp=[-0.006 -0.229  0.238]  sorted=2.0
  ep  37 seed=1037 sorted=2/2 success=True
  step   0  phase=OPEN      parcel=0  tcp=[-0.    0.    0.17]  sorted=0.0
  step  20  phase=DESCEND   parcel=0  tcp=[-0.051  0.     0.159]  sorted=0.0
  step  40  phase=LIFT      parcel=0  tcp=[-0.069  0.007  0.12 ]  sorted=0.0
  step  60  phase=DROP      parcel=0  tcp=[-0.003  0.362  0.124]  sorted=0.0
  step  80  phase=ABOVE     parcel=1  tcp=[0.054 0.064 0.226]  sorted=1.0
  step 100  phase=GRASP     parcel=1  tcp=[0.058 0.003 0.056]  sorted=1.0
  step 120  phase=DROP      parcel=1  tcp=[-0.006 -0.324  0.263]  sorted=1.0
  step 140  phase=DONE      parcel=2  tcp=[-0.015 -0.254  0.2  ]  sorted=2.0
  ep  38 seed=1038 sorted=2/2 success=True
  step   0  phase=OPEN      parcel=0  tcp=[-0.    0.    0.17]  sorted=0.0
  step  20  phase=DESCEND   parcel=0  tcp=[-0.063  0.005  0.064]  sorted=0.0
  step  40  phase=CARRY     parcel=0  tcp=[-0.077 -0.003  0.284]  sorted=0.0
  step  60  phase=RELEASE   parcel=0  tcp=[-0.01   0.349  0.082]  sorted=1.0
  step  80  phase=DESCEND   parcel=1  tcp=[ 0.064 -0.008  0.202]  sorted=1.0
  step 100  phase=LIFT      parcel=1  tcp=[ 0.042 -0.009  0.075]  sorted=1.0
  step 120  phase=DROP      parcel=1  tcp=[-0.005 -0.358  0.128]  sorted=1.0
  step 140  phase=DONE      parcel=2  tcp=[ 0.002 -0.061  0.259]  sorted=2.0
  ep  39 seed=1039 sorted=2/2 success=True
  step   0  phase=OPEN      parcel=0  tcp=[-0.    0.    0.17]  sorted=0.0
  step  20  phase=DESCEND   parcel=0  tcp=[-0.061 -0.002  0.096]  sorted=0.0
  step  40  phase=LIFT      parcel=0  tcp=[-0.083 -0.01   0.202]  sorted=0.0
  step  60  phase=RELEASE   parcel=0  tcp=[-0.01   0.357  0.088]  sorted=0.0
  step  80  phase=ABOVE     parcel=1  tcp=[0.055 0.023 0.226]  sorted=1.0
  step 100  phase=LIFT      parcel=1  tcp=[ 0.055 -0.015  0.056]  sorted=1.0
  step 120  phase=DROP      parcel=1  tcp=[-0.007 -0.368  0.203]  sorted=1.0
  step 140  phase=DONE      parcel=2  tcp=[-0.004 -0.138  0.258]  sorted=2.0
  ep  40 seed=1040 sorted=2/2 success=True
  step   0  phase=OPEN      parcel=0  tcp=[-0.    0.    0.17]  sorted=0.0
  step  20  phase=DESCEND   parcel=0  tcp=[-0.064  0.002  0.071]  sorted=0.0
  step  40  phase=CARRY     parcel=0  tcp=[-0.061 -0.001  0.278]  sorted=0.0
  step  60  phase=RELEASE   parcel=0  tcp=[-0.019  0.349  0.083]  sorted=1.0
  step  80  phase=ABOVE     parcel=1  tcp=[ 0.057 -0.009  0.219]  sorted=1.0
  step 100  phase=GRASP     parcel=1  tcp=[ 0.059 -0.002  0.05 ]  sorted=1.0
  step 120  phase=CARRY     parcel=1  tcp=[-0.005 -0.318  0.256]  sorted=1.0
  step 140  phase=DONE      parcel=2  tcp=[-0.027 -0.292  0.165]  sorted=2.0
  ep  41 seed=1041 sorted=2/2 success=True
  step   0  phase=OPEN      parcel=0  tcp=[-0.    0.    0.17]  sorted=0.0
  step  20  phase=DESCEND   parcel=0  tcp=[-0.055 -0.004  0.159]  sorted=0.0
  step  40  phase=LIFT      parcel=0  tcp=[-0.075 -0.003  0.157]  sorted=0.0
  step  60  phase=RELEASE   parcel=0  tcp=[-0.011  0.362  0.098]  sorted=0.0
  step  80  phase=ABOVE     parcel=1  tcp=[0.053 0.033 0.22 ]  sorted=1.0
  step 100  phase=GRASP     parcel=1  tcp=[ 0.064 -0.005  0.059]  sorted=1.0
  step 120  phase=DROP      parcel=1  tcp=[-0.007 -0.346  0.257]  sorted=1.0
  step 140  phase=DONE      parcel=2  tcp=[-0.008 -0.21   0.235]  sorted=2.0
  ep  42 seed=1042 sorted=2/2 success=True
  step   0  phase=OPEN      parcel=0  tcp=[-0.    0.    0.17]  sorted=0.0
  step  20  phase=DESCEND   parcel=0  tcp=[-0.064 -0.     0.066]  sorted=0.0
  step  40  phase=LIFT      parcel=0  tcp=[-0.076 -0.011  0.193]  sorted=0.0
  step  60  phase=RELEASE   parcel=0  tcp=[-0.009  0.357  0.086]  sorted=1.0
  step  80  phase=DESCEND   parcel=1  tcp=[0.058 0.004 0.219]  sorted=1.0
  step 100  phase=LIFT      parcel=1  tcp=[ 0.054 -0.013  0.059]  sorted=1.0
  step 120  phase=DROP      parcel=1  tcp=[-0.006 -0.368  0.165]  sorted=1.0
  step 140  phase=DONE      parcel=2  tcp=[-0.004 -0.098  0.263]  sorted=2.0
  ep  43 seed=1043 sorted=2/2 success=True
  step   0  phase=OPEN      parcel=0  tcp=[-0.    0.    0.17]  sorted=0.0
  step  20  phase=DESCEND   parcel=0  tcp=[-0.065  0.001  0.074]  sorted=0.0
  step  40  phase=LIFT      parcel=0  tcp=[-0.082 -0.007  0.234]  sorted=0.0
  step  60  phase=RELEASE   parcel=0  tcp=[-0.015  0.356  0.08 ]  sorted=1.0
  step  80  phase=DESCEND   parcel=1  tcp=[ 0.059 -0.002  0.217]  sorted=1.0
  step 100  phase=LIFT      parcel=1  tcp=[ 0.063 -0.006  0.059]  sorted=1.0
  step 120  phase=DROP      parcel=1  tcp=[-0.005 -0.368  0.202]  sorted=1.0
  step 140  phase=DONE      parcel=2  tcp=[-0.    -0.133  0.258]  sorted=2.0
  ep  44 seed=1044 sorted=2/2 success=True
  step   0  phase=OPEN      parcel=0  tcp=[-0.    0.    0.17]  sorted=0.0
  step  20  phase=DESCEND   parcel=0  tcp=[-0.059 -0.001  0.069]  sorted=0.0
  step  40  phase=CARRY     parcel=0  tcp=[-0.061 -0.027  0.277]  sorted=0.0
  step  60  phase=RELEASE   parcel=0  tcp=[-0.008  0.358  0.082]  sorted=1.0
  step  80  phase=ABOVE     parcel=1  tcp=[ 0.059 -0.008  0.22 ]  sorted=1.0
  step 100  phase=GRASP     parcel=1  tcp=[ 0.052 -0.004  0.062]  sorted=1.0
  step 120  phase=DROP      parcel=1  tcp=[-0.011 -0.325  0.256]  sorted=1.0
  step 140  phase=DONE      parcel=2  tcp=[-0.023 -0.301  0.165]  sorted=2.0
  ep  45 seed=1045 sorted=2/2 success=True
  step   0  phase=OPEN      parcel=0  tcp=[-0.    0.    0.17]  sorted=0.0
  step  20  phase=GRASP     parcel=0  tcp=[-0.06   0.002  0.063]  sorted=0.0
  step  40  phase=CARRY     parcel=0  tcp=[-0.084 -0.003  0.314]  sorted=0.0
  step  60  phase=RELEASE   parcel=0  tcp=[-0.01   0.352  0.083]  sorted=1.0
  step  80  phase=DESCEND   parcel=1  tcp=[ 0.058 -0.005  0.161]  sorted=1.0
  step 100  phase=LIFT      parcel=1  tcp=[ 0.059 -0.002  0.06 ]  sorted=1.0
  step 120  phase=DROP      parcel=1  tcp=[-0.005 -0.366  0.164]  sorted=1.0
  step 140  phase=DONE      parcel=2  tcp=[-0.003 -0.088  0.261]  sorted=2.0
  ep  46 seed=1046 sorted=2/2 success=True
  step   0  phase=OPEN      parcel=0  tcp=[-0.    0.    0.17]  sorted=0.0
  step  20  phase=DESCEND   parcel=0  tcp=[-0.067 -0.007  0.063]  sorted=0.0
  step  40  phase=LIFT      parcel=0  tcp=[-0.088 -0.013  0.24 ]  sorted=0.0
  step  60  phase=RELEASE   parcel=0  tcp=[-0.006  0.356  0.077]  sorted=1.0
  step  80  phase=ABOVE     parcel=1  tcp=[ 0.061 -0.005  0.216]  sorted=1.0
  step 100  phase=GRASP     parcel=1  tcp=[0.055 0.003 0.06 ]  sorted=1.0
  step 120  phase=CARRY     parcel=1  tcp=[-0.003 -0.199  0.266]  sorted=1.0
  step 140  phase=DONE      parcel=2  tcp=[-0.019 -0.353  0.118]  sorted=2.0
  step 160  phase=DONE      parcel=2  tcp=[-0.007 -0.007  0.271]  sorted=2.0
  ep  47 seed=1047 sorted=2/2 success=True
  step   0  phase=OPEN      parcel=0  tcp=[-0.    0.    0.17]  sorted=0.0
  step  20  phase=DESCEND   parcel=0  tcp=[-0.059  0.     0.091]  sorted=0.0
  step  40  phase=LIFT      parcel=0  tcp=[-0.08  -0.001  0.204]  sorted=0.0
  step  60  phase=RELEASE   parcel=0  tcp=[-0.01   0.355  0.084]  sorted=1.0
  step  80  phase=ABOVE     parcel=1  tcp=[0.059 0.007 0.223]  sorted=1.0
  step 100  phase=GRASP     parcel=1  tcp=[0.056 0.004 0.057]  sorted=1.0
  step 120  phase=CARRY     parcel=1  tcp=[ 0.006 -0.081  0.281]  sorted=1.0
  step 140  phase=RELEASE   parcel=1  tcp=[-0.004 -0.357  0.104]  sorted=2.0
  step 160  phase=DONE      parcel=2  tcp=[-0.007  0.009  0.26 ]  sorted=2.0
  ep  48 seed=1048 sorted=2/2 success=True
  step   0  phase=OPEN      parcel=0  tcp=[-0.    0.    0.17]  sorted=0.0
  step  20  phase=DESCEND   parcel=0  tcp=[-0.065 -0.     0.094]  sorted=0.0
  step  40  phase=LIFT      parcel=0  tcp=[-0.083  0.     0.215]  sorted=0.0
  step  60  phase=RELEASE   parcel=0  tcp=[-0.012  0.352  0.077]  sorted=1.0
  step  80  phase=DESCEND   parcel=1  tcp=[ 0.049 -0.005  0.219]  sorted=1.0
  step 100  phase=LIFT      parcel=1  tcp=[ 0.035 -0.017  0.081]  sorted=1.0
  step 120  phase=DROP      parcel=1  tcp=[-0.002 -0.362  0.129]  sorted=1.0
  step 140  phase=DONE      parcel=2  tcp=[-0.004 -0.05   0.258]  sorted=2.0
  ep  49 seed=1049 sorted=2/2 success=True
  step   0  phase=OPEN      parcel=0  tcp=[-0.    0.    0.17]  sorted=0.0
  step  20  phase=GRASP     parcel=0  tcp=[-0.061  0.005  0.063]  sorted=0.0
  step  40  phase=CARRY     parcel=0  tcp=[-0.07   0.003  0.314]  sorted=0.0
  step  60  phase=RELEASE   parcel=0  tcp=[-0.012  0.356  0.085]  sorted=1.0
  step  80  phase=DESCEND   parcel=1  tcp=[ 0.057 -0.006  0.167]  sorted=1.0
  step 100  phase=LIFT      parcel=1  tcp=[ 0.043 -0.006  0.144]  sorted=1.0
  step 120  phase=RELEASE   parcel=1  tcp=[-0.007 -0.354  0.083]  sorted=2.0
  step 140  phase=DONE      parcel=2  tcp=[ 0.003 -0.006  0.263]  sorted=2.0
  ep  50 seed=1050 sorted=2/2 success=True
  step   0  phase=OPEN      parcel=0  tcp=[-0.    0.    0.17]  sorted=0.0
  step  20  phase=DESCEND   parcel=0  tcp=[-0.065  0.001  0.068]  sorted=0.0
  step  40  phase=LIFT      parcel=0  tcp=[-0.074 -0.003  0.193]  sorted=0.0
  step  60  phase=RELEASE   parcel=0  tcp=[-0.004  0.361  0.084]  sorted=1.0
  step  80  phase=ABOVE     parcel=1  tcp=[0.055 0.006 0.219]  sorted=1.0
  step 100  phase=GRASP     parcel=1  tcp=[0.051 0.003 0.059]  sorted=1.0
  step 120  phase=CARRY     parcel=1  tcp=[-0.005 -0.257  0.257]  sorted=1.0
  step 140  phase=DONE      parcel=2  tcp=[-0.025 -0.333  0.14 ]  sorted=2.0
  ep  51 seed=1051 sorted=2/2 success=True
  step   0  phase=OPEN      parcel=0  tcp=[-0.    0.    0.17]  sorted=0.0
  step  20  phase=GRASP     parcel=0  tcp=[-0.061  0.     0.062]  sorted=0.0
  step  40  phase=CARRY     parcel=0  tcp=[-0.069 -0.003  0.307]  sorted=0.0
  step  60  phase=RELEASE   parcel=0  tcp=[-0.017  0.358  0.08 ]  sorted=1.0
  step  80  phase=ABOVE     parcel=1  tcp=[ 0.053 -0.012  0.222]  sorted=1.0
  step 100  phase=GRASP     parcel=1  tcp=[0.058 0.004 0.063]  sorted=1.0
  step 120  phase=CARRY     parcel=1  tcp=[ 0.    -0.207  0.262]  sorted=1.0
  step 140  phase=DONE      parcel=2  tcp=[-0.006 -0.353  0.119]  sorted=2.0
  step 160  phase=DONE      parcel=2  tcp=[ 0.002 -0.016  0.256]  sorted=2.0
  ep  52 seed=1052 sorted=2/2 success=True
  step   0  phase=OPEN      parcel=0  tcp=[-0.    0.    0.17]  sorted=0.0
  step  20  phase=DESCEND   parcel=0  tcp=[-0.06   0.005  0.096]  sorted=0.0
  step  40  phase=LIFT      parcel=0  tcp=[-0.086 -0.008  0.241]  sorted=0.0
  step  60  phase=RELEASE   parcel=0  tcp=[-0.007  0.354  0.078]  sorted=1.0
  step  80  phase=ABOVE     parcel=1  tcp=[ 0.051 -0.005  0.219]  sorted=1.0
  step 100  phase=GRASP     parcel=1  tcp=[0.042 0.006 0.06 ]  sorted=1.0
  step 120  phase=CARRY     parcel=1  tcp=[-0.006 -0.316  0.257]  sorted=1.0
  step 140  phase=DONE      parcel=2  tcp=[-0.029 -0.302  0.172]  sorted=2.0
  ep  53 seed=1053 sorted=2/2 success=True
  step   0  phase=OPEN      parcel=0  tcp=[-0.    0.    0.17]  sorted=0.0
  step  20  phase=DESCEND   parcel=0  tcp=[-0.064  0.005  0.119]  sorted=0.0
  step  40  phase=LIFT      parcel=0  tcp=[-0.095  0.     0.21 ]  sorted=0.0
  step  60  phase=RELEASE   parcel=0  tcp=[-0.006  0.354  0.082]  sorted=1.0
  step  80  phase=DESCEND   parcel=1  tcp=[0.058 0.004 0.221]  sorted=1.0
  step 100  phase=LIFT      parcel=1  tcp=[ 0.05  -0.003  0.07 ]  sorted=1.0
  step 120  phase=DROP      parcel=1  tcp=[-0.004 -0.366  0.165]  sorted=1.0
  step 140  phase=DONE      parcel=2  tcp=[-0.006 -0.1    0.264]  sorted=2.0
  ep  54 seed=1054 sorted=2/2 success=True
  step   0  phase=OPEN      parcel=0  tcp=[-0.    0.    0.17]  sorted=0.0
  step  20  phase=DESCEND   parcel=0  tcp=[-0.056 -0.001  0.09 ]  sorted=0.0
  step  40  phase=LIFT      parcel=0  tcp=[-0.085 -0.006  0.16 ]  sorted=0.0
  step  60  phase=DROP      parcel=0  tcp=[-0.01   0.357  0.103]  sorted=0.0
  step  80  phase=ABOVE     parcel=1  tcp=[0.051 0.061 0.22 ]  sorted=1.0
  step 100  phase=GRASP     parcel=1  tcp=[0.057 0.005 0.059]  sorted=1.0
  step 120  phase=DROP      parcel=1  tcp=[-0.009 -0.347  0.256]  sorted=1.0
  step 140  phase=DONE      parcel=2  tcp=[-0.006 -0.208  0.233]  sorted=2.0
  ep  55 seed=1055 sorted=2/2 success=True
  step   0  phase=OPEN      parcel=0  tcp=[-0.    0.    0.17]  sorted=0.0
  step  20  phase=DESCEND   parcel=0  tcp=[-0.055  0.002  0.123]  sorted=0.0
  step  40  phase=LIFT      parcel=0  tcp=[-0.06   0.009  0.16 ]  sorted=0.0
  step  60  phase=RELEASE   parcel=0  tcp=[-0.004  0.356  0.08 ]  sorted=1.0
  step  80  phase=ABOVE     parcel=1  tcp=[0.055 0.007 0.223]  sorted=1.0
  step 100  phase=LIFT      parcel=1  tcp=[0.045 0.    0.064]  sorted=1.0
  step 120  phase=DROP      parcel=1  tcp=[-0.004 -0.367  0.204]  sorted=1.0
  step 140  phase=DONE      parcel=2  tcp=[-0.005 -0.136  0.256]  sorted=2.0
  ep  56 seed=1056 sorted=2/2 success=True
  step   0  phase=OPEN      parcel=0  tcp=[-0.    0.    0.17]  sorted=0.0
  step  20  phase=DESCEND   parcel=0  tcp=[-0.065  0.004  0.073]  sorted=0.0
  step  40  phase=CARRY     parcel=0  tcp=[-0.082  0.005  0.29 ]  sorted=0.0
  step  60  phase=RELEASE   parcel=0  tcp=[-0.01   0.356  0.086]  sorted=1.0
  step  80  phase=ABOVE     parcel=1  tcp=[ 0.057 -0.011  0.219]  sorted=1.0
  step 100  phase=GRASP     parcel=1  tcp=[0.047 0.009 0.055]  sorted=1.0
  step 120  phase=DROP      parcel=1  tcp=[-0.007 -0.342  0.254]  sorted=1.0
  step 140  phase=DONE      parcel=2  tcp=[-0.02  -0.264  0.191]  sorted=2.0
  ep  57 seed=1057 sorted=2/2 success=True
  step   0  phase=OPEN      parcel=0  tcp=[-0.    0.    0.17]  sorted=0.0
  step  20  phase=DESCEND   parcel=0  tcp=[-0.06  -0.003  0.076]  sorted=0.0
  step  40  phase=CARRY     parcel=0  tcp=[-0.077 -0.001  0.284]  sorted=0.0
  step  60  phase=RELEASE   parcel=0  tcp=[-0.017  0.359  0.085]  sorted=1.0
  step  80  phase=ABOVE     parcel=1  tcp=[ 0.056 -0.008  0.224]  sorted=1.0
  step 100  phase=GRASP     parcel=1  tcp=[ 0.058 -0.008  0.057]  sorted=1.0
  step 120  phase=DROP      parcel=1  tcp=[-0.01  -0.349  0.256]  sorted=1.0
  step 140  phase=DONE      parcel=2  tcp=[-0.012 -0.213  0.237]  sorted=2.0
  ep  58 seed=1058 sorted=2/2 success=True
  step   0  phase=OPEN      parcel=0  tcp=[-0.    0.    0.17]  sorted=0.0
  step  20  phase=DESCEND   parcel=0  tcp=[-0.058 -0.     0.092]  sorted=0.0
  step  40  phase=LIFT      parcel=0  tcp=[-0.072  0.002  0.241]  sorted=0.0
  step  60  phase=RELEASE   parcel=0  tcp=[-0.007  0.347  0.079]  sorted=1.0
  step  80  phase=DESCEND   parcel=1  tcp=[ 0.056 -0.003  0.221]  sorted=1.0
  step 100  phase=LIFT      parcel=1  tcp=[0.057 0.003 0.061]  sorted=1.0
  step 120  phase=DROP      parcel=1  tcp=[-0.007 -0.365  0.164]  sorted=1.0
  step 140  phase=DONE      parcel=2  tcp=[-0.    -0.098  0.266]  sorted=2.0
  ep  59 seed=1059 sorted=2/2 success=True

recorded 60 episodes  (60 full-success)  -> /home/david/code/marso_hackathon/il/demos/easy/trajectory.h5
