[33;1m2026-06-17 16:03:46,532 - mani_skill  - WARNING - mani_skill is not installed with git.[0m
  step   0  phase=OPEN      parcel=0  tcp=[-0.    0.    0.17]  sorted=0.0
  step  20  phase=DESCEND   parcel=0  tcp=[-0.061  0.002  0.078]  sorted=0.0
  step  40  phase=LIFT      parcel=0  tcp=[-0.076 -0.009  0.202]  sorted=0.0
  step  60  phase=RELEASE   parcel=0  tcp=[-0.005  0.359  0.085]  sorted=1.0
  step  80  phase=ABOVE     parcel=1  tcp=[0.058 0.005 0.224]  sorted=1.0
  step 100  phase=GRASP     parcel=1  tcp=[ 0.04  -0.     0.059]  sorted=1.0
  step 120  phase=CARRY     parcel=1  tcp=[-0.004 -0.218  0.257]  sorted=1.0
  step 140  phase=DONE      parcel=2  tcp=[-0.023 -0.367  0.115]  sorted=2.0
  step 160  phase=DONE      parcel=2  tcp=[ 0.016 -0.009  0.272]  sorted=2.0
  ep   0 seed=1000 sorted=2/2 success=True
  step   0  phase=OPEN      parcel=0  tcp=[-0.    0.    0.17]  sorted=0.0
  step  20  phase=DESCEND   parcel=0  tcp=[-0.056  0.003  0.12 ]  sorted=0.0
  step  40  phase=LIFT      parcel=0  tcp=[-0.081  0.003  0.204]  sorted=0.0
  step  60  phase=RELEASE   parcel=0  tcp=[-0.002  0.35   0.084]  sorted=1.0
  step  80  phase=ABOVE     parcel=1  tcp=[0.056 0.006 0.217]  sorted=1.0
  step 100  phase=LIFT      parcel=1  tcp=[ 0.045 -0.017  0.058]  sorted=1.0
  step 120  phase=DROP      parcel=1  tcp=[-0.006 -0.359  0.201]  sorted=1.0
  step 140  phase=DONE      parcel=2  tcp=[ 0.001 -0.14   0.255]  sorted=2.0
  ep   1 seed=1001 sorted=2/2 success=True
  step   0  phase=OPEN      parcel=0  tcp=[-0.    0.    0.17]  sorted=0.0
  step  20  phase=DESCEND   parcel=0  tcp=[-0.062 -0.001  0.073]  sorted=0.0
  step  40  phase=CARRY     parcel=0  tcp=[-0.079 -0.015  0.28 ]  sorted=0.0
  step  60  phase=RELEASE   parcel=0  tcp=[-0.009  0.358  0.089]  sorted=1.0
  step  80  phase=DESCEND   parcel=1  tcp=[ 0.058 -0.003  0.221]  sorted=1.0
  step 100  phase=LIFT      parcel=1  tcp=[ 0.058 -0.011  0.06 ]  sorted=1.0
  step 120  phase=DROP      parcel=1  tcp=[-0.006 -0.368  0.159]  sorted=1.0
  step 140  phase=DONE      parcel=2  tcp=[-0.003 -0.095  0.26 ]  sorted=2.0
  ep   2 seed=1002 sorted=2/2 success=True
  step   0  phase=OPEN      parcel=0  tcp=[-0.    0.    0.17]  sorted=0.0
  step  20  phase=DESCEND   parcel=0  tcp=[-0.062  0.004  0.073]  sorted=0.0
  step  40  phase=CARRY     parcel=0  tcp=[-0.082 -0.007  0.286]  sorted=0.0
  step  60  phase=RELEASE   parcel=0  tcp=[-0.015  0.355  0.081]  sorted=1.0
  step  80  phase=ABOVE     parcel=1  tcp=[ 0.055 -0.011  0.219]  sorted=1.0
  step 100  phase=GRASP     parcel=1  tcp=[ 0.057 -0.015  0.06 ]  sorted=1.0
  step 120  phase=DROP      parcel=1  tcp=[-0.01  -0.359  0.259]  sorted=1.0
  step 140  phase=DONE      parcel=2  tcp=[-0.009 -0.213  0.233]  sorted=2.0
  ep   3 seed=1003 sorted=2/2 success=True
  step   0  phase=OPEN      parcel=0  tcp=[-0.    0.    0.17]  sorted=0.0
  step  20  phase=DESCEND   parcel=0  tcp=[-0.065  0.003  0.075]  sorted=0.0
  step  40  phase=LIFT      parcel=0  tcp=[-0.074 -0.015  0.205]  sorted=0.0
  step  60  phase=RELEASE   parcel=0  tcp=[-0.002  0.354  0.08 ]  sorted=1.0
  step  80  phase=ABOVE     parcel=1  tcp=[0.059 0.012 0.224]  sorted=1.0
  step 100  phase=GRASP     parcel=1  tcp=[0.054 0.003 0.065]  sorted=1.0
  step 120  phase=CARRY     parcel=1  tcp=[-0.005 -0.254  0.261]  sorted=1.0
  step 140  phase=DONE      parcel=2  tcp=[-0.025 -0.328  0.138]  sorted=2.0
  ep   4 seed=1004 sorted=2/2 success=True
  step   0  phase=OPEN      parcel=0  tcp=[-0.    0.    0.17]  sorted=0.0
  step  20  phase=DESCEND   parcel=0  tcp=[-0.062  0.002  0.092]  sorted=0.0
  step  40  phase=LIFT      parcel=0  tcp=[-0.101 -0.     0.196]  sorted=0.0
  step  60  phase=RELEASE   parcel=0  tcp=[-0.008  0.356  0.083]  sorted=1.0
  step  80  phase=ABOVE     parcel=1  tcp=[0.052 0.004 0.216]  sorted=1.0
  step 100  phase=GRASP     parcel=1  tcp=[ 0.043 -0.     0.061]  sorted=1.0
  step 120  phase=CARRY     parcel=1  tcp=[-0.002 -0.258  0.262]  sorted=1.0
  step 140  phase=DONE      parcel=2  tcp=[-0.022 -0.325  0.127]  sorted=2.0
  ep   5 seed=1005 sorted=2/2 success=True
  step   0  phase=OPEN      parcel=0  tcp=[-0.    0.    0.17]  sorted=0.0
  step  20  phase=DESCEND   parcel=0  tcp=[-0.056  0.001  0.223]  sorted=0.0
  step  40  phase=LIFT      parcel=0  tcp=[-0.066 -0.016  0.082]  sorted=0.0
  step  60  phase=DROP      parcel=0  tcp=[-0.009  0.361  0.158]  sorted=0.0
  step  80  phase=ABOVE     parcel=1  tcp=[0.055 0.11  0.22 ]  sorted=1.0
  step 100  phase=GRASP     parcel=1  tcp=[0.061 0.004 0.063]  sorted=1.0
  step 120  phase=CARRY     parcel=1  tcp=[-0.008 -0.287  0.259]  sorted=1.0
  step 140  phase=DONE      parcel=2  tcp=[-0.024 -0.327  0.136]  sorted=2.0
  ep   6 seed=1006 sorted=2/2 success=True
  step   0  phase=OPEN      parcel=0  tcp=[-0.    0.    0.17]  sorted=0.0
  step  20  phase=DESCEND   parcel=0  tcp=[-0.062  0.002  0.073]  sorted=0.0
  step  40  phase=LIFT      parcel=0  tcp=[-0.091  0.001  0.196]  sorted=0.0
  step  60  phase=RELEASE   parcel=0  tcp=[-0.007  0.356  0.081]  sorted=1.0
  step  80  phase=DESCEND   parcel=1  tcp=[ 0.051 -0.007  0.218]  sorted=1.0
  step 100  phase=LIFT      parcel=1  tcp=[ 0.055 -0.007  0.08 ]  sorted=1.0
  step 120  phase=DROP      parcel=1  tcp=[-0.006 -0.36   0.124]  sorted=1.0
  step 140  phase=DONE      parcel=2  tcp=[ 0.003 -0.056  0.259]  sorted=2.0
  ep   7 seed=1007 sorted=2/2 success=True
  step   0  phase=OPEN      parcel=0  tcp=[-0.    0.    0.17]  sorted=0.0
  step  20  phase=GRASP     parcel=0  tcp=[-0.063 -0.     0.066]  sorted=0.0
  step  40  phase=CARRY     parcel=0  tcp=[-0.066  0.001  0.318]  sorted=0.0
  step  60  phase=RELEASE   parcel=0  tcp=[-0.014  0.349  0.086]  sorted=1.0
  step  80  phase=DESCEND   parcel=1  tcp=[ 0.067 -0.006  0.194]  sorted=1.0
  step 100  phase=LIFT      parcel=1  tcp=[ 0.031 -0.008  0.12 ]  sorted=1.0
  step 120  phase=RELEASE   parcel=1  tcp=[-0.009 -0.36   0.099]  sorted=1.0
  step 140  phase=DONE      parcel=2  tcp=[ 0.003 -0.024  0.262]  sorted=2.0
  ep   8 seed=1008 sorted=2/2 success=True
  step   0  phase=OPEN      parcel=0  tcp=[-0.    0.    0.17]  sorted=0.0
  step  20  phase=GRASP     parcel=0  tcp=[-0.061 -0.001  0.065]  sorted=0.0
  step  40  phase=CARRY     parcel=0  tcp=[-0.083 -0.004  0.321]  sorted=0.0
  step  60  phase=RELEASE   parcel=0  tcp=[-0.012  0.355  0.084]  sorted=1.0
  step  80  phase=DESCEND   parcel=1  tcp=[ 0.061 -0.007  0.2  ]  sorted=1.0
  step 100  phase=LIFT      parcel=1  tcp=[ 0.041 -0.006  0.114]  sorted=1.0
  step 120  phase=RELEASE   parcel=1  tcp=[-0.006 -0.357  0.099]  sorted=1.0
  step 140  phase=DONE      parcel=2  tcp=[-0.004 -0.022  0.261]  sorted=2.0
  ep   9 seed=1009 sorted=2/2 success=True
  step   0  phase=OPEN      parcel=0  tcp=[-0.    0.    0.17]  sorted=0.0
  step  20  phase=DESCEND   parcel=0  tcp=[-0.057  0.004  0.085]  sorted=0.0
  step  40  phase=LIFT      parcel=0  tcp=[-0.072 -0.005  0.236]  sorted=0.0
  step  60  phase=RELEASE   parcel=0  tcp=[-0.008  0.355  0.078]  sorted=1.0
  step  80  phase=DESCEND   parcel=1  tcp=[0.057 0.004 0.221]  sorted=1.0
  step 100  phase=LIFT      parcel=1  tcp=[ 0.046 -0.004  0.066]  sorted=1.0
  step 120  phase=DROP      parcel=1  tcp=[-0.006 -0.368  0.159]  sorted=1.0
  step 140  phase=DONE      parcel=2  tcp=[-0.006 -0.103  0.259]  sorted=2.0
  ep  10 seed=1010 sorted=2/2 success=True
  step   0  phase=OPEN      parcel=0  tcp=[-0.    0.    0.17]  sorted=0.0
  step  20  phase=DESCEND   parcel=0  tcp=[-0.047  0.001  0.195]  sorted=0.0
  step  40  phase=LIFT      parcel=0  tcp=[-0.06  -0.01   0.061]  sorted=0.0
  step  60  phase=DROP      parcel=0  tcp=[-0.007  0.361  0.198]  sorted=0.0
  step  80  phase=ABOVE     parcel=1  tcp=[0.05  0.128 0.218]  sorted=1.0
  step 100  phase=GRASP     parcel=1  tcp=[0.051 0.    0.062]  sorted=1.0
  step 120  phase=CARRY     parcel=1  tcp=[-0.001 -0.294  0.26 ]  sorted=1.0
  step 140  phase=DONE      parcel=2  tcp=[-0.017 -0.292  0.174]  sorted=2.0
  ep  11 seed=1011 sorted=2/2 success=True
  step   0  phase=OPEN      parcel=0  tcp=[-0.    0.    0.17]  sorted=0.0
  step  20  phase=GRASP     parcel=0  tcp=[-0.063  0.002  0.064]  sorted=0.0
  step  40  phase=CARRY     parcel=0  tcp=[-0.07  -0.001  0.313]  sorted=0.0
  step  60  phase=RELEASE   parcel=0  tcp=[-0.003  0.355  0.093]  sorted=1.0
  step  80  phase=DESCEND   parcel=1  tcp=[ 0.056 -0.009  0.162]  sorted=1.0
  step 100  phase=LIFT      parcel=1  tcp=[ 0.042 -0.007  0.115]  sorted=1.0
  step 120  phase=RELEASE   parcel=1  tcp=[-0.009 -0.36   0.098]  sorted=1.0
  step 140  phase=DONE      parcel=2  tcp=[-0.001 -0.027  0.263]  sorted=2.0
  ep  12 seed=1012 sorted=2/2 success=True
  step   0  phase=OPEN      parcel=0  tcp=[-0.    0.    0.17]  sorted=0.0
  step  20  phase=DESCEND   parcel=0  tcp=[-0.059  0.002  0.089]  sorted=0.0
  step  40  phase=LIFT      parcel=0  tcp=[-0.061 -0.006  0.238]  sorted=0.0
  step  60  phase=RELEASE   parcel=0  tcp=[-0.006  0.357  0.081]  sorted=1.0
  step  80  phase=DESCEND   parcel=1  tcp=[ 0.055 -0.002  0.219]  sorted=1.0
  step 100  phase=GRASP     parcel=1  tcp=[0.045 0.003 0.062]  sorted=1.0
  step 120  phase=DROP      parcel=1  tcp=[-0.006 -0.329  0.255]  sorted=1.0
  step 140  phase=DONE      parcel=2  tcp=[-0.013 -0.243  0.209]  sorted=2.0
  ep  13 seed=1013 sorted=2/2 success=True
  step   0  phase=OPEN      parcel=0  tcp=[-0.    0.    0.17]  sorted=0.0
  step  20  phase=DESCEND   parcel=0  tcp=[-0.054  0.002  0.119]  sorted=0.0
  step  40  phase=LIFT      parcel=0  tcp=[-0.071 -0.023  0.198]  sorted=0.0
  step  60  phase=RELEASE   parcel=0  tcp=[-0.003  0.352  0.081]  sorted=1.0
  step  80  phase=ABOVE     parcel=1  tcp=[0.053 0.012 0.216]  sorted=1.0
  step 100  phase=GRASP     parcel=1  tcp=[ 0.051 -0.009  0.06 ]  sorted=1.0
  step 120  phase=DROP      parcel=1  tcp=[-0.005 -0.365  0.24 ]  sorted=1.0
  step 140  phase=DONE      parcel=2  tcp=[-0.007 -0.179  0.252]  sorted=2.0
  ep  14 seed=1014 sorted=2/2 success=True
  step   0  phase=OPEN      parcel=0  tcp=[-0.    0.    0.17]  sorted=0.0
  step  20  phase=DESCEND   parcel=0  tcp=[-0.059 -0.002  0.116]  sorted=0.0
  step  40  phase=LIFT      parcel=0  tcp=[-0.066 -0.015  0.201]  sorted=0.0
  step  60  phase=RELEASE   parcel=0  tcp=[-0.007  0.36   0.09 ]  sorted=1.0
  step  80  phase=ABOVE     parcel=1  tcp=[0.055 0.006 0.22 ]  sorted=1.0
  step 100  phase=GRASP     parcel=1  tcp=[ 0.053 -0.006  0.063]  sorted=1.0
  step 120  phase=DROP      parcel=1  tcp=[-0.013 -0.347  0.255]  sorted=1.0
  step 140  phase=DONE      parcel=2  tcp=[-0.007 -0.208  0.239]  sorted=2.0
  ep  15 seed=1015 sorted=2/2 success=True
  step   0  phase=OPEN      parcel=0  tcp=[-0.    0.    0.17]  sorted=0.0
  step  20  phase=DESCEND   parcel=0  tcp=[-0.062  0.001  0.075]  sorted=0.0
  step  40  phase=CARRY     parcel=0  tcp=[-0.076 -0.006  0.281]  sorted=0.0
  step  60  phase=RELEASE   parcel=0  tcp=[-0.011  0.349  0.084]  sorted=1.0
  step  80  phase=DESCEND   parcel=1  tcp=[ 0.057 -0.003  0.221]  sorted=1.0
  step 100  phase=LIFT      parcel=1  tcp=[ 0.076 -0.013  0.061]  sorted=1.0
  step 120  phase=DROP      parcel=1  tcp=[-0.004 -0.368  0.2  ]  sorted=1.0
  step 140  phase=DONE      parcel=2  tcp=[-0.004 -0.143  0.256]  sorted=2.0
  ep  16 seed=1016 sorted=2/2 success=True
  step   0  phase=OPEN      parcel=0  tcp=[-0.    0.    0.17]  sorted=0.0
  step  20  phase=DESCEND   parcel=0  tcp=[-0.056  0.002  0.123]  sorted=0.0
  step  40  phase=LIFT      parcel=0  tcp=[-0.079 -0.001  0.202]  sorted=0.0
  step  60  phase=RELEASE   parcel=0  tcp=[-0.008  0.352  0.083]  sorted=1.0
  step  80  phase=ABOVE     parcel=1  tcp=[0.056 0.007 0.217]  sorted=1.0
  step 100  phase=LIFT      parcel=1  tcp=[ 0.051 -0.008  0.069]  sorted=1.0
  step 120  phase=DROP      parcel=1  tcp=[-0.004 -0.362  0.202]  sorted=1.0
  step 140  phase=DONE      parcel=2  tcp=[-0.005 -0.137  0.255]  sorted=2.0
  ep  17 seed=1017 sorted=2/2 success=True
  step   0  phase=OPEN      parcel=0  tcp=[-0.    0.    0.17]  sorted=0.0
  step  20  phase=GRASP     parcel=0  tcp=[-0.062 -0.     0.068]  sorted=0.0
  step  40  phase=DESCEND   parcel=0  tcp=[-0.047  0.001  0.151]  sorted=0.0
  step  60  phase=LIFT      parcel=0  tcp=[-0.058 -0.015  0.159]  sorted=0.0
  step  80  phase=RELEASE   parcel=0  tcp=[-0.004  0.356  0.099]  sorted=0.0
  step 100  phase=ABOVE     parcel=1  tcp=[0.057 0.024 0.22 ]  sorted=1.0
  step 120  phase=GRASP     parcel=1  tcp=[ 0.058 -0.002  0.061]  sorted=1.0
  step 140  phase=DROP      parcel=1  tcp=[-0.006 -0.362  0.238]  sorted=1.0
  step 160  phase=DONE      parcel=2  tcp=[ 0.001 -0.165  0.251]  sorted=2.0
  ep  18 seed=1018 sorted=2/2 success=True
  step   0  phase=OPEN      parcel=0  tcp=[-0.    0.    0.17]  sorted=0.0
  step  20  phase=DESCEND   parcel=0  tcp=[-0.061 -0.001  0.089]  sorted=0.0
  step  40  phase=LIFT      parcel=0  tcp=[-0.074  0.002  0.236]  sorted=0.0
  step  60  phase=RELEASE   parcel=0  tcp=[-0.01   0.357  0.08 ]  sorted=1.0
  step  80  phase=DESCEND   parcel=1  tcp=[0.055 0.001 0.219]  sorted=1.0
  step 100  phase=LIFT      parcel=1  tcp=[ 0.052 -0.007  0.065]  sorted=1.0
  step 120  phase=DROP      parcel=1  tcp=[-0.006 -0.364  0.165]  sorted=1.0
  step 140  phase=DONE      parcel=2  tcp=[-0.002 -0.097  0.259]  sorted=2.0
  ep  19 seed=1019 sorted=2/2 success=True
  step   0  phase=OPEN      parcel=0  tcp=[-0.    0.    0.17]  sorted=0.0
  step  20  phase=GRASP     parcel=0  tcp=[-0.062  0.001  0.062]  sorted=0.0
  step  40  phase=CARRY     parcel=0  tcp=[-0.08   0.008  0.324]  sorted=0.0
  step  60  phase=RELEASE   parcel=0  tcp=[-0.013  0.354  0.09 ]  sorted=1.0
  step  80  phase=DESCEND   parcel=1  tcp=[ 0.058 -0.005  0.16 ]  sorted=1.0
  step 100  phase=LIFT      parcel=1  tcp=[0.038 0.005 0.148]  sorted=1.0
  step 120  phase=RELEASE   parcel=1  tcp=[-0.006 -0.361  0.085]  sorted=2.0
  step 140  phase=DONE      parcel=2  tcp=[-0.001 -0.014  0.263]  sorted=2.0
  ep  20 seed=1020 sorted=2/2 success=True
  step   0  phase=OPEN      parcel=0  tcp=[-0.    0.    0.17]  sorted=0.0
  step  20  phase=DESCEND   parcel=0  tcp=[-0.059  0.002  0.069]  sorted=0.0
  step  40  phase=CARRY     parcel=0  tcp=[-0.087  0.007  0.287]  sorted=0.0
  step  60  phase=RELEASE   parcel=0  tcp=[-0.009  0.349  0.095]  sorted=1.0
  step  80  phase=DESCEND   parcel=1  tcp=[ 0.064 -0.001  0.198]  sorted=1.0
  step 100  phase=LIFT      parcel=1  tcp=[0.054 0.    0.108]  sorted=1.0
  step 120  phase=RELEASE   parcel=1  tcp=[-0.008 -0.36   0.101]  sorted=1.0
  step 140  phase=DONE      parcel=2  tcp=[-0.004 -0.024  0.264]  sorted=2.0
  ep  21 seed=1021 sorted=2/2 success=True
  step   0  phase=OPEN      parcel=0  tcp=[-0.    0.    0.17]  sorted=0.0
  step  20  phase=GRASP     parcel=0  tcp=[-0.059  0.     0.068]  sorted=0.0
  step  40  phase=CARRY     parcel=0  tcp=[-0.057  0.002  0.316]  sorted=0.0
  step  60  phase=RELEASE   parcel=0  tcp=[-0.01   0.353  0.089]  sorted=1.0
  step  80  phase=DESCEND   parcel=1  tcp=[0.058 0.001 0.198]  sorted=1.0
  step 100  phase=LIFT      parcel=1  tcp=[ 0.055 -0.006  0.11 ]  sorted=1.0
  step 120  phase=RELEASE   parcel=1  tcp=[-0.011 -0.356  0.099]  sorted=1.0
  step 140  phase=DONE      parcel=2  tcp=[-0.003 -0.031  0.259]  sorted=2.0
  ep  22 seed=1022 sorted=2/2 success=True
  step   0  phase=OPEN      parcel=0  tcp=[-0.    0.    0.17]  sorted=0.0
  step  20  phase=DESCEND   parcel=0  tcp=[-0.064 -0.003  0.077]  sorted=0.0
  step  40  phase=CARRY     parcel=0  tcp=[-0.071  0.008  0.275]  sorted=0.0
  step  60  phase=RELEASE   parcel=0  tcp=[-0.007  0.357  0.09 ]  sorted=1.0
  step  80  phase=DESCEND   parcel=1  tcp=[ 0.063 -0.004  0.196]  sorted=1.0
  step 100  phase=LIFT      parcel=1  tcp=[ 0.027 -0.007  0.116]  sorted=1.0
  step 120  phase=RELEASE   parcel=1  tcp=[-0.005 -0.361  0.1  ]  sorted=1.0
  step 140  phase=DONE      parcel=2  tcp=[ 0.005 -0.022  0.26 ]  sorted=2.0
  ep  23 seed=1023 sorted=2/2 success=True
  step   0  phase=OPEN      parcel=0  tcp=[-0.    0.    0.17]  sorted=0.0
  step  20  phase=DESCEND   parcel=0  tcp=[-0.059 -0.     0.089]  sorted=0.0
  step  40  phase=LIFT      parcel=0  tcp=[-0.071 -0.019  0.245]  sorted=0.0
  step  60  phase=RELEASE   parcel=0  tcp=[-0.009  0.352  0.086]  sorted=1.0
  step  80  phase=DESCEND   parcel=1  tcp=[ 0.061 -0.006  0.219]  sorted=1.0
  step 100  phase=LIFT      parcel=1  tcp=[ 0.052 -0.004  0.077]  sorted=1.0
  step 120  phase=DROP      parcel=1  tcp=[-0.005 -0.361  0.122]  sorted=1.0
  step 140  phase=DONE      parcel=2  tcp=[-0.007 -0.062  0.264]  sorted=2.0
  ep  24 seed=1024 sorted=2/2 success=True
  step   0  phase=OPEN      parcel=0  tcp=[-0.    0.    0.17]  sorted=0.0
  step  20  phase=DESCEND   parcel=0  tcp=[-0.062 -0.005  0.073]  sorted=0.0
  step  40  phase=CARRY     parcel=0  tcp=[-0.066  0.005  0.278]  sorted=0.0
  step  60  phase=RELEASE   parcel=0  tcp=[-0.007  0.356  0.087]  sorted=1.0
  step  80  phase=DESCEND   parcel=1  tcp=[ 0.063 -0.003  0.2  ]  sorted=1.0
  step 100  phase=LIFT      parcel=1  tcp=[ 0.018 -0.017  0.124]  sorted=1.0
  step 120  phase=RELEASE   parcel=1  tcp=[-0.006 -0.36   0.099]  sorted=1.0
  step 140  phase=DONE      parcel=2  tcp=[-0.    -0.016  0.255]  sorted=2.0
  ep  25 seed=1025 sorted=2/2 success=True
  step   0  phase=OPEN      parcel=0  tcp=[-0.    0.    0.17]  sorted=0.0
  step  20  phase=DESCEND   parcel=0  tcp=[-0.064  0.001  0.063]  sorted=0.0
  step  40  phase=CARRY     parcel=0  tcp=[-0.071  0.001  0.275]  sorted=0.0
  step  60  phase=RELEASE   parcel=0  tcp=[-0.014  0.355  0.086]  sorted=1.0
  step  80  phase=DESCEND   parcel=1  tcp=[ 0.063 -0.004  0.199]  sorted=1.0
  step 100  phase=LIFT      parcel=1  tcp=[ 0.033 -0.013  0.115]  sorted=1.0
  step 120  phase=RELEASE   parcel=1  tcp=[-0.004 -0.364  0.097]  sorted=1.0
  step 140  phase=DONE      parcel=2  tcp=[-0.004 -0.035  0.259]  sorted=2.0
  ep  26 seed=1026 sorted=2/2 success=True
  step   0  phase=OPEN      parcel=0  tcp=[-0.    0.    0.17]  sorted=0.0
  step  20  phase=DESCEND   parcel=0  tcp=[-0.064 -0.004  0.079]  sorted=0.0
  step  40  phase=CARRY     parcel=0  tcp=[-0.062 -0.006  0.279]  sorted=0.0
  step  60  phase=RELEASE   parcel=0  tcp=[-0.009  0.351  0.081]  sorted=1.0
  step  80  phase=DESCEND   parcel=1  tcp=[ 0.062 -0.008  0.204]  sorted=1.0
  step 100  phase=LIFT      parcel=1  tcp=[0.045 0.005 0.057]  sorted=1.0
  step 120  phase=DROP      parcel=1  tcp=[-0.006 -0.364  0.204]  sorted=1.0
  step 140  phase=DONE      parcel=2  tcp=[-0.001 -0.183  0.248]  sorted=2.0
  ep  27 seed=1027 sorted=2/2 success=True
  step   0  phase=OPEN      parcel=0  tcp=[-0.    0.    0.17]  sorted=0.0
  step  20  phase=DESCEND   parcel=0  tcp=[-0.063 -0.006  0.059]  sorted=0.0
  step  40  phase=CARRY     parcel=0  tcp=[-0.067 -0.006  0.269]  sorted=0.0
  step  60  phase=RELEASE   parcel=0  tcp=[-0.013  0.354  0.084]  sorted=1.0
  step  80  phase=DESCEND   parcel=1  tcp=[ 0.055 -0.001  0.223]  sorted=1.0
  step 100  phase=LIFT      parcel=1  tcp=[ 0.035 -0.003  0.08 ]  sorted=1.0
  step 120  phase=DROP      parcel=1  tcp=[-0.007 -0.361  0.121]  sorted=1.0
  step 140  phase=DONE      parcel=2  tcp=[ 0.001 -0.044  0.265]  sorted=2.0
  ep  28 seed=1028 sorted=2/2 success=True
  step   0  phase=OPEN      parcel=0  tcp=[-0.    0.    0.17]  sorted=0.0
  step  20  phase=GRASP     parcel=0  tcp=[-0.06  -0.004  0.066]  sorted=0.0
  step  40  phase=CARRY     parcel=0  tcp=[-0.065 -0.005  0.325]  sorted=0.0
  step  60  phase=RELEASE   parcel=0  tcp=[-0.011  0.352  0.092]  sorted=1.0
  step  80  phase=DESCEND   parcel=1  tcp=[ 0.063 -0.001  0.167]  sorted=1.0
  step 100  phase=LIFT      parcel=1  tcp=[ 0.046 -0.001  0.116]  sorted=1.0
  step 120  phase=RELEASE   parcel=1  tcp=[-0.002 -0.364  0.103]  sorted=1.0
  step 140  phase=DONE      parcel=2  tcp=[-0.004 -0.027  0.259]  sorted=2.0
  ep  29 seed=1029 sorted=2/2 success=True
  step   0  phase=OPEN      parcel=0  tcp=[-0.    0.    0.17]  sorted=0.0
  step  20  phase=DESCEND   parcel=0  tcp=[-0.062 -0.003  0.077]  sorted=0.0
  step  40  phase=CARRY     parcel=0  tcp=[-0.078  0.009  0.271]  sorted=0.0
  step  60  phase=RELEASE   parcel=0  tcp=[-0.006  0.352  0.086]  sorted=1.0
  step  80  phase=DESCEND   parcel=1  tcp=[ 0.063 -0.001  0.196]  sorted=1.0
  step 100  phase=LIFT      parcel=1  tcp=[ 0.028 -0.003  0.129]  sorted=1.0
  step 120  phase=RELEASE   parcel=1  tcp=[-0.011 -0.364  0.096]  sorted=1.0
  step 140  phase=DONE      parcel=2  tcp=[ 0.003 -0.017  0.266]  sorted=2.0
  ep  30 seed=1030 sorted=2/2 success=True
  step   0  phase=OPEN      parcel=0  tcp=[-0.    0.    0.17]  sorted=0.0
  step  20  phase=GRASP     parcel=0  tcp=[-0.06  -0.002  0.065]  sorted=0.0
  step  40  phase=CARRY     parcel=0  tcp=[-0.098 -0.015  0.329]  sorted=0.0
  step  60  phase=RELEASE   parcel=0  tcp=[-0.016  0.358  0.089]  sorted=1.0
  step  80  phase=DESCEND   parcel=1  tcp=[ 0.063 -0.007  0.196]  sorted=1.0
  step 100  phase=LIFT      parcel=1  tcp=[0.028 0.009 0.13 ]  sorted=1.0
  step 120  phase=RELEASE   parcel=1  tcp=[-0.01  -0.36   0.095]  sorted=1.0
  step 140  phase=DONE      parcel=2  tcp=[-0.002 -0.027  0.258]  sorted=2.0
  ep  31 seed=1031 sorted=2/2 success=True
  step   0  phase=OPEN      parcel=0  tcp=[-0.    0.    0.17]  sorted=0.0
  step  20  phase=DESCEND   parcel=0  tcp=[-0.059  0.001  0.09 ]  sorted=0.0
  step  40  phase=LIFT      parcel=0  tcp=[-0.074 -0.02   0.167]  sorted=0.0
  step  60  phase=RELEASE   parcel=0  tcp=[-0.01   0.351  0.096]  sorted=0.0
  step  80  phase=ABOVE     parcel=1  tcp=[0.056 0.019 0.222]  sorted=1.0
  step 100  phase=GRASP     parcel=1  tcp=[ 0.057 -0.011  0.06 ]  sorted=1.0
  step 120  phase=DROP      parcel=1  tcp=[-0.004 -0.367  0.239]  sorted=1.0
  step 140  phase=DONE      parcel=2  tcp=[-0.004 -0.176  0.25 ]  sorted=2.0
  ep  32 seed=1032 sorted=2/2 success=True
  step   0  phase=OPEN      parcel=0  tcp=[-0.    0.    0.17]  sorted=0.0
  step  20  phase=DESCEND   parcel=0  tcp=[-0.064  0.005  0.074]  sorted=0.0
  step  40  phase=LIFT      parcel=0  tcp=[-0.078 -0.007  0.161]  sorted=0.0
  step  60  phase=RELEASE   parcel=0  tcp=[-0.     0.354  0.099]  sorted=0.0
  step  80  phase=ABOVE     parcel=1  tcp=[0.059 0.021 0.222]  sorted=1.0
  step 100  phase=GRASP     parcel=1  tcp=[ 0.061 -0.011  0.055]  sorted=1.0
  step 120  phase=DROP      parcel=1  tcp=[-0.007 -0.336  0.26 ]  sorted=1.0
  step 140  phase=DONE      parcel=2  tcp=[-0.018 -0.238  0.197]  sorted=2.0
  ep  33 seed=1033 sorted=2/2 success=True
  step   0  phase=OPEN      parcel=0  tcp=[-0.    0.    0.17]  sorted=0.0
  step  20  phase=DESCEND   parcel=0  tcp=[-0.063  0.002  0.075]  sorted=0.0
  step  40  phase=CARRY     parcel=0  tcp=[-0.072 -0.018  0.282]  sorted=0.0
  step  60  phase=RELEASE   parcel=0  tcp=[-0.023  0.351  0.085]  sorted=1.0
  step  80  phase=DESCEND   parcel=1  tcp=[ 0.058 -0.005  0.198]  sorted=1.0
  step 100  phase=LIFT      parcel=1  tcp=[0.025 0.004 0.107]  sorted=1.0
  step 120  phase=RELEASE   parcel=1  tcp=[-0.009 -0.361  0.099]  sorted=1.0
  step 140  phase=DONE      parcel=2  tcp=[ 0.002 -0.024  0.263]  sorted=2.0
  ep  34 seed=1034 sorted=2/2 success=True
  step   0  phase=OPEN      parcel=0  tcp=[-0.    0.    0.17]  sorted=0.0
  step  20  phase=DESCEND   parcel=0  tcp=[-0.066  0.003  0.076]  sorted=0.0
  step  40  phase=LIFT      parcel=0  tcp=[-0.073 -0.002  0.235]  sorted=0.0
  step  60  phase=RELEASE   parcel=0  tcp=[-0.009  0.354  0.082]  sorted=1.0
  step  80  phase=DESCEND   parcel=1  tcp=[ 0.058 -0.003  0.22 ]  sorted=1.0
  step 100  phase=LIFT      parcel=1  tcp=[ 0.046 -0.011  0.064]  sorted=1.0
  step 120  phase=DROP      parcel=1  tcp=[-0.004 -0.361  0.159]  sorted=1.0
  step 140  phase=DONE      parcel=2  tcp=[-0.005 -0.093  0.259]  sorted=2.0
  ep  35 seed=1035 sorted=2/2 success=True
  step   0  phase=OPEN      parcel=0  tcp=[-0.    0.    0.17]  sorted=0.0
  step  20  phase=DESCEND   parcel=0  tcp=[-0.058  0.003  0.077]  sorted=0.0
  step  40  phase=CARRY     parcel=0  tcp=[-0.06   0.002  0.282]  sorted=0.0
  step  60  phase=RELEASE   parcel=0  tcp=[-0.015  0.35   0.08 ]  sorted=1.0
  step  80  phase=DESCEND   parcel=1  tcp=[ 0.064 -0.011  0.201]  sorted=1.0
  step 100  phase=LIFT      parcel=1  tcp=[ 0.054 -0.007  0.111]  sorted=1.0
  step 120  phase=RELEASE   parcel=1  tcp=[-0.005 -0.358  0.101]  sorted=1.0
  step 140  phase=DONE      parcel=2  tcp=[-0.003 -0.025  0.262]  sorted=2.0
  ep  36 seed=1036 sorted=2/2 success=True
  step   0  phase=OPEN      parcel=0  tcp=[-0.    0.    0.17]  sorted=0.0
  step  20  phase=DESCEND   parcel=0  tcp=[-0.059  0.002  0.091]  sorted=0.0
  step  40  phase=LIFT      parcel=0  tcp=[-0.091 -0.006  0.236]  sorted=0.0
  step  60  phase=RELEASE   parcel=0  tcp=[-0.01   0.352  0.08 ]  sorted=1.0
  step  80  phase=DESCEND   parcel=1  tcp=[ 0.055 -0.006  0.217]  sorted=1.0
  step 100  phase=LIFT      parcel=1  tcp=[ 0.056 -0.008  0.058]  sorted=1.0
  step 120  phase=DROP      parcel=1  tcp=[-0.005 -0.362  0.16 ]  sorted=1.0
  step 140  phase=DONE      parcel=2  tcp=[-0.001 -0.107  0.26 ]  sorted=2.0
  ep  37 seed=1037 sorted=2/2 success=True
  step   0  phase=OPEN      parcel=0  tcp=[-0.    0.    0.17]  sorted=0.0
  step  20  phase=DESCEND   parcel=0  tcp=[-0.052  0.     0.157]  sorted=0.0
  step  40  phase=LIFT      parcel=0  tcp=[-0.068  0.006  0.122]  sorted=0.0
  step  60  phase=RELEASE   parcel=0  tcp=[-0.006  0.359  0.096]  sorted=0.0
  step  80  phase=ABOVE     parcel=1  tcp=[0.055 0.028 0.225]  sorted=1.0
  step 100  phase=GRASP     parcel=1  tcp=[0.058 0.001 0.062]  sorted=1.0
  step 120  phase=DROP      parcel=1  tcp=[-0.005 -0.364  0.241]  sorted=1.0
  step 140  phase=DONE      parcel=2  tcp=[-0.001 -0.175  0.247]  sorted=2.0
  ep  38 seed=1038 sorted=2/2 success=True
  step   0  phase=OPEN      parcel=0  tcp=[-0.    0.    0.17]  sorted=0.0
  step  20  phase=GRASP     parcel=0  tcp=[-0.062  0.005  0.065]  sorted=0.0
  step  40  phase=CARRY     parcel=0  tcp=[-0.079 -0.003  0.323]  sorted=0.0
  step  60  phase=RELEASE   parcel=0  tcp=[-0.01   0.348  0.087]  sorted=1.0
  step  80  phase=DESCEND   parcel=1  tcp=[ 0.06  -0.005  0.16 ]  sorted=1.0
  step 100  phase=LIFT      parcel=1  tcp=[ 0.039 -0.012  0.154]  sorted=1.0
  step 120  phase=RELEASE   parcel=1  tcp=[-0.006 -0.352  0.084]  sorted=2.0
  step 140  phase=DONE      parcel=2  tcp=[ 0.004 -0.012  0.257]  sorted=2.0
  ep  39 seed=1039 sorted=2/2 success=True
  step   0  phase=OPEN      parcel=0  tcp=[-0.    0.    0.17]  sorted=0.0
  step  20  phase=DESCEND   parcel=0  tcp=[-0.062 -0.002  0.095]  sorted=0.0
  step  40  phase=LIFT      parcel=0  tcp=[-0.081 -0.011  0.204]  sorted=0.0
  step  60  phase=RELEASE   parcel=0  tcp=[-0.009  0.357  0.088]  sorted=1.0
  step  80  phase=DESCEND   parcel=1  tcp=[0.056 0.005 0.225]  sorted=1.0
  step 100  phase=LIFT      parcel=1  tcp=[ 0.058 -0.017  0.058]  sorted=1.0
  step 120  phase=DROP      parcel=1  tcp=[-0.005 -0.365  0.162]  sorted=1.0
  step 140  phase=DONE      parcel=2  tcp=[-0.004 -0.098  0.26 ]  sorted=2.0
  ep  40 seed=1040 sorted=2/2 success=True
  step   0  phase=OPEN      parcel=0  tcp=[-0.    0.    0.17]  sorted=0.0
  step  20  phase=DESCEND   parcel=0  tcp=[-0.064  0.002  0.072]  sorted=0.0
  step  40  phase=CARRY     parcel=0  tcp=[-0.059 -0.002  0.281]  sorted=0.0
  step  60  phase=RELEASE   parcel=0  tcp=[-0.018  0.35   0.085]  sorted=1.0
  step  80  phase=DESCEND   parcel=1  tcp=[ 0.057 -0.007  0.219]  sorted=1.0
  step 100  phase=LIFT      parcel=1  tcp=[ 0.052 -0.004  0.072]  sorted=1.0
  step 120  phase=DROP      parcel=1  tcp=[-0.005 -0.36   0.121]  sorted=1.0
  step 140  phase=DONE      parcel=2  tcp=[-0.001 -0.056  0.26 ]  sorted=2.0
  ep  41 seed=1041 sorted=2/2 success=True
  step   0  phase=OPEN      parcel=0  tcp=[-0.    0.    0.17]  sorted=0.0
  step  20  phase=DESCEND   parcel=0  tcp=[-0.059 -0.004  0.119]  sorted=0.0
  step  40  phase=LIFT      parcel=0  tcp=[-0.074 -0.004  0.197]  sorted=0.0
  step  60  phase=RELEASE   parcel=0  tcp=[-0.011  0.359  0.082]  sorted=1.0
  step  80  phase=ABOVE     parcel=1  tcp=[0.053 0.009 0.219]  sorted=1.0
  step 100  phase=LIFT      parcel=1  tcp=[ 0.062 -0.008  0.061]  sorted=1.0
  step 120  phase=DROP      parcel=1  tcp=[-0.003 -0.365  0.196]  sorted=1.0
  step 140  phase=DONE      parcel=2  tcp=[-0.002 -0.124  0.258]  sorted=2.0
  ep  42 seed=1042 sorted=2/2 success=True
  step   0  phase=OPEN      parcel=0  tcp=[-0.    0.    0.17]  sorted=0.0
  step  20  phase=GRASP     parcel=0  tcp=[-0.063 -0.     0.066]  sorted=0.0
  step  40  phase=CARRY     parcel=0  tcp=[-0.087 -0.015  0.314]  sorted=0.0
  step  60  phase=RELEASE   parcel=0  tcp=[-0.012  0.358  0.09 ]  sorted=1.0
  step  80  phase=DESCEND   parcel=1  tcp=[ 0.064 -0.     0.199]  sorted=1.0
  step 100  phase=LIFT      parcel=1  tcp=[ 0.041 -0.014  0.116]  sorted=1.0
  step 120  phase=RELEASE   parcel=1  tcp=[-0.008 -0.36   0.099]  sorted=1.0
  step 140  phase=DONE      parcel=2  tcp=[-0.004 -0.022  0.262]  sorted=2.0
  ep  43 seed=1043 sorted=2/2 success=True
  step   0  phase=OPEN      parcel=0  tcp=[-0.    0.    0.17]  sorted=0.0
  step  20  phase=DESCEND   parcel=0  tcp=[-0.065  0.001  0.074]  sorted=0.0
  step  40  phase=LIFT      parcel=0  tcp=[-0.08  -0.008  0.236]  sorted=0.0
  step  60  phase=RELEASE   parcel=0  tcp=[-0.014  0.357  0.082]  sorted=1.0
  step  80  phase=DESCEND   parcel=1  tcp=[0.059 0.    0.217]  sorted=1.0
  step 100  phase=LIFT      parcel=1  tcp=[ 0.064 -0.007  0.06 ]  sorted=1.0
  step 120  phase=DROP      parcel=1  tcp=[-0.005 -0.366  0.199]  sorted=1.0
  step 140  phase=DONE      parcel=2  tcp=[-0.001 -0.131  0.257]  sorted=2.0
  ep  44 seed=1044 sorted=2/2 success=True
  step   0  phase=OPEN      parcel=0  tcp=[-0.    0.    0.17]  sorted=0.0
  step  20  phase=DESCEND   parcel=0  tcp=[-0.058 -0.001  0.07 ]  sorted=0.0
  step  40  phase=CARRY     parcel=0  tcp=[-0.059 -0.028  0.28 ]  sorted=0.0
  step  60  phase=RELEASE   parcel=0  tcp=[-0.006  0.358  0.084]  sorted=1.0
  step  80  phase=DESCEND   parcel=1  tcp=[ 0.059 -0.005  0.22 ]  sorted=1.0
  step 100  phase=LIFT      parcel=1  tcp=[ 0.046 -0.007  0.061]  sorted=1.0
  step 120  phase=DROP      parcel=1  tcp=[-0.01  -0.365  0.16 ]  sorted=1.0
  step 140  phase=DONE      parcel=2  tcp=[-0.002 -0.089  0.261]  sorted=2.0
  ep  45 seed=1045 sorted=2/2 success=True
  step   0  phase=OPEN      parcel=0  tcp=[-0.    0.    0.17]  sorted=0.0
  step  20  phase=GRASP     parcel=0  tcp=[-0.059  0.002  0.063]  sorted=0.0
  step  40  phase=CARRY     parcel=0  tcp=[-0.082 -0.004  0.317]  sorted=0.0
  step  60  phase=RELEASE   parcel=0  tcp=[-0.008  0.353  0.085]  sorted=1.0
  step  80  phase=DESCEND   parcel=1  tcp=[ 0.061 -0.003  0.199]  sorted=1.0
  step 100  phase=LIFT      parcel=1  tcp=[ 0.058 -0.003  0.059]  sorted=1.0
  step 120  phase=DROP      parcel=1  tcp=[-0.004 -0.364  0.161]  sorted=1.0
  step 140  phase=DONE      parcel=2  tcp=[-0.004 -0.086  0.26 ]  sorted=2.0
  ep  46 seed=1046 sorted=2/2 success=True
  step   0  phase=OPEN      parcel=0  tcp=[-0.    0.    0.17]  sorted=0.0
  step  20  phase=DESCEND   parcel=0  tcp=[-0.066 -0.007  0.064]  sorted=0.0
  step  40  phase=CARRY     parcel=0  tcp=[-0.087 -0.015  0.287]  sorted=0.0
  step  60  phase=RELEASE   parcel=0  tcp=[-0.003  0.357  0.08 ]  sorted=1.0
  step  80  phase=DESCEND   parcel=1  tcp=[ 0.061 -0.006  0.216]  sorted=1.0
  step 100  phase=LIFT      parcel=1  tcp=[ 0.035 -0.004  0.077]  sorted=1.0
  step 120  phase=DROP      parcel=1  tcp=[-0.007 -0.356  0.13 ]  sorted=1.0
  step 140  phase=DONE      parcel=2  tcp=[-0.003 -0.048  0.265]  sorted=2.0
  ep  47 seed=1047 sorted=2/2 success=True
  step   0  phase=OPEN      parcel=0  tcp=[-0.    0.    0.17]  sorted=0.0
  step  20  phase=DESCEND   parcel=0  tcp=[-0.059  0.     0.09 ]  sorted=0.0
  step  40  phase=LIFT      parcel=0  tcp=[-0.078 -0.002  0.206]  sorted=0.0
  step  60  phase=RELEASE   parcel=0  tcp=[-0.009  0.355  0.085]  sorted=1.0
  step  80  phase=ABOVE     parcel=1  tcp=[0.059 0.008 0.223]  sorted=1.0
  step 100  phase=LIFT      parcel=1  tcp=[0.052 0.007 0.059]  sorted=1.0
  step 120  phase=DROP      parcel=1  tcp=[-0.004 -0.362  0.234]  sorted=1.0
  step 140  phase=DONE      parcel=2  tcp=[-0.003 -0.173  0.251]  sorted=2.0
  ep  48 seed=1048 sorted=2/2 success=True
  step   0  phase=OPEN      parcel=0  tcp=[-0.    0.    0.17]  sorted=0.0
  step  20  phase=DESCEND   parcel=0  tcp=[-0.065 -0.     0.093]  sorted=0.0
  step  40  phase=CARRY     parcel=0  tcp=[-0.083 -0.002  0.261]  sorted=0.0
  step  60  phase=RELEASE   parcel=0  tcp=[-0.011  0.352  0.083]  sorted=1.0
  step  80  phase=DESCEND   parcel=1  tcp=[ 0.049 -0.004  0.218]  sorted=1.0
  step 100  phase=LIFT      parcel=1  tcp=[ 0.036 -0.018  0.083]  sorted=1.0
  step 120  phase=DROP      parcel=1  tcp=[-0.002 -0.361  0.127]  sorted=1.0
  step 140  phase=DONE      parcel=2  tcp=[-0.004 -0.048  0.257]  sorted=2.0
  ep  49 seed=1049 sorted=2/2 success=True
  step   0  phase=OPEN      parcel=0  tcp=[-0.    0.    0.17]  sorted=0.0
  step  20  phase=GRASP     parcel=0  tcp=[-0.06   0.005  0.064]  sorted=0.0
  step  40  phase=CARRY     parcel=0  tcp=[-0.069  0.001  0.316]  sorted=0.0
  step  60  phase=RELEASE   parcel=0  tcp=[-0.011  0.356  0.087]  sorted=1.0
  step  80  phase=DESCEND   parcel=1  tcp=[ 0.054 -0.004  0.219]  sorted=1.0
  step 100  phase=LIFT      parcel=1  tcp=[ 0.061 -0.006  0.06 ]  sorted=1.0
  step 120  phase=DROP      parcel=1  tcp=[-0.004 -0.361  0.162]  sorted=1.0
  step 140  phase=DONE      parcel=2  tcp=[ 0.002 -0.08   0.262]  sorted=2.0
  ep  50 seed=1050 sorted=2/2 success=True
  step   0  phase=OPEN      parcel=0  tcp=[-0.    0.    0.17]  sorted=0.0
  step  20  phase=DESCEND   parcel=0  tcp=[-0.064  0.002  0.068]  sorted=0.0
  step  40  phase=LIFT      parcel=0  tcp=[-0.073 -0.004  0.195]  sorted=0.0
  step  60  phase=RELEASE   parcel=0  tcp=[-0.003  0.361  0.085]  sorted=1.0
  step  80  phase=ABOVE     parcel=1  tcp=[0.055 0.007 0.219]  sorted=1.0
  step 100  phase=GRASP     parcel=1  tcp=[ 0.048 -0.005  0.057]  sorted=1.0
  step 120  phase=DROP      parcel=1  tcp=[-0.006 -0.364  0.233]  sorted=1.0
  step 140  phase=DONE      parcel=2  tcp=[-0.001 -0.176  0.255]  sorted=2.0
  ep  51 seed=1051 sorted=2/2 success=True
  step   0  phase=OPEN      parcel=0  tcp=[-0.    0.    0.17]  sorted=0.0
  step  20  phase=GRASP     parcel=0  tcp=[-0.06   0.     0.063]  sorted=0.0
  step  40  phase=CARRY     parcel=0  tcp=[-0.066 -0.004  0.31 ]  sorted=0.0
  step  60  phase=RELEASE   parcel=0  tcp=[-0.016  0.359  0.082]  sorted=1.0
  step  80  phase=ABOVE     parcel=1  tcp=[ 0.053 -0.01   0.222]  sorted=1.0
  step 100  phase=GRASP     parcel=1  tcp=[ 0.054 -0.008  0.06 ]  sorted=1.0
  step 120  phase=DROP      parcel=1  tcp=[-0.003 -0.365  0.24 ]  sorted=1.0
  step 140  phase=DONE      parcel=2  tcp=[-0.001 -0.172  0.256]  sorted=2.0
  ep  52 seed=1052 sorted=2/2 success=True
  step   0  phase=OPEN      parcel=0  tcp=[-0.    0.    0.17]  sorted=0.0
  step  20  phase=DESCEND   parcel=0  tcp=[-0.061  0.005  0.081]  sorted=0.0
  step  40  phase=LIFT      parcel=0  tcp=[-0.083 -0.009  0.243]  sorted=0.0
  step  60  phase=RELEASE   parcel=0  tcp=[-0.006  0.354  0.08 ]  sorted=1.0
  step  80  phase=ABOVE     parcel=1  tcp=[ 0.051 -0.002  0.219]  sorted=1.0
  step 100  phase=GRASP     parcel=1  tcp=[0.041 0.008 0.065]  sorted=1.0
  step 120  phase=DROP      parcel=1  tcp=[-0.009 -0.357  0.255]  sorted=1.0
  step 140  phase=DONE      parcel=2  tcp=[-0.009 -0.221  0.241]  sorted=2.0
  ep  53 seed=1053 sorted=2/2 success=True
  step   0  phase=OPEN      parcel=0  tcp=[-0.    0.    0.17]  sorted=0.0
  step  20  phase=DESCEND   parcel=0  tcp=[-0.065  0.005  0.118]  sorted=0.0
  step  40  phase=LIFT      parcel=0  tcp=[-0.093 -0.     0.213]  sorted=0.0
  step  60  phase=RELEASE   parcel=0  tcp=[-0.007  0.352  0.078]  sorted=1.0
  step  80  phase=DESCEND   parcel=1  tcp=[ 0.058 -0.003  0.22 ]  sorted=1.0
  step 100  phase=LIFT      parcel=1  tcp=[ 0.039 -0.005  0.089]  sorted=1.0
  step 120  phase=DROP      parcel=1  tcp=[-0.003 -0.361  0.125]  sorted=1.0
  step 140  phase=DONE      parcel=2  tcp=[-0.006 -0.057  0.264]  sorted=2.0
  ep  54 seed=1054 sorted=2/2 success=True
  step   0  phase=OPEN      parcel=0  tcp=[-0.    0.    0.17]  sorted=0.0
  step  20  phase=DESCEND   parcel=0  tcp=[-0.056 -0.001  0.089]  sorted=0.0
  step  40  phase=LIFT      parcel=0  tcp=[-0.088 -0.006  0.2  ]  sorted=0.0
  step  60  phase=RELEASE   parcel=0  tcp=[-0.01   0.355  0.088]  sorted=1.0
  step  80  phase=ABOVE     parcel=1  tcp=[0.053 0.005 0.219]  sorted=1.0
  step 100  phase=LIFT      parcel=1  tcp=[0.059 0.002 0.059]  sorted=1.0
  step 120  phase=DROP      parcel=1  tcp=[-0.005 -0.364  0.197]  sorted=1.0
  step 140  phase=DONE      parcel=2  tcp=[ 0.    -0.126  0.26 ]  sorted=2.0
  ep  55 seed=1055 sorted=2/2 success=True
  step   0  phase=OPEN      parcel=0  tcp=[-0.    0.    0.17]  sorted=0.0
  step  20  phase=DESCEND   parcel=0  tcp=[-0.059  0.002  0.093]  sorted=0.0
  step  40  phase=LIFT      parcel=0  tcp=[-0.058  0.008  0.204]  sorted=0.0
  step  60  phase=RELEASE   parcel=0  tcp=[-0.003  0.356  0.08 ]  sorted=1.0
  step  80  phase=ABOVE     parcel=1  tcp=[0.055 0.007 0.223]  sorted=1.0
  step 100  phase=LIFT      parcel=1  tcp=[ 0.046 -0.001  0.065]  sorted=1.0
  step 120  phase=DROP      parcel=1  tcp=[-0.003 -0.365  0.202]  sorted=1.0
  step 140  phase=DONE      parcel=2  tcp=[-0.005 -0.134  0.255]  sorted=2.0
  ep  56 seed=1056 sorted=2/2 success=True
  step   0  phase=OPEN      parcel=0  tcp=[-0.    0.    0.17]  sorted=0.0
  step  20  phase=DESCEND   parcel=0  tcp=[-0.065  0.004  0.073]  sorted=0.0
  step  40  phase=CARRY     parcel=0  tcp=[-0.08   0.004  0.293]  sorted=0.0
  step  60  phase=RELEASE   parcel=0  tcp=[-0.008  0.356  0.095]  sorted=1.0
  step  80  phase=ABOVE     parcel=1  tcp=[ 0.057 -0.007  0.22 ]  sorted=1.0
  step 100  phase=LIFT      parcel=1  tcp=[0.049 0.007 0.059]  sorted=1.0
  step 120  phase=DROP      parcel=1  tcp=[-0.003 -0.362  0.196]  sorted=1.0
  step 140  phase=DONE      parcel=2  tcp=[-0.003 -0.141  0.257]  sorted=2.0
  ep  57 seed=1057 sorted=2/2 success=True
  step   0  phase=OPEN      parcel=0  tcp=[-0.    0.    0.17]  sorted=0.0
  step  20  phase=DESCEND   parcel=0  tcp=[-0.059 -0.003  0.076]  sorted=0.0
  step  40  phase=CARRY     parcel=0  tcp=[-0.074 -0.002  0.287]  sorted=0.0
  step  60  phase=RELEASE   parcel=0  tcp=[-0.015  0.36   0.087]  sorted=1.0
  step  80  phase=DESCEND   parcel=1  tcp=[ 0.056 -0.006  0.224]  sorted=1.0
  step 100  phase=LIFT      parcel=1  tcp=[ 0.043 -0.012  0.079]  sorted=1.0
  step 120  phase=DROP      parcel=1  tcp=[-0.006 -0.362  0.123]  sorted=1.0
  step 140  phase=DONE      parcel=2  tcp=[-0.004 -0.054  0.263]  sorted=2.0
  ep  58 seed=1058 sorted=2/2 success=True
  step   0  phase=OPEN      parcel=0  tcp=[-0.    0.    0.17]  sorted=0.0
  step  20  phase=DESCEND   parcel=0  tcp=[-0.058 -0.     0.091]  sorted=0.0
  step  40  phase=LIFT      parcel=0  tcp=[-0.07   0.001  0.244]  sorted=0.0
  step  60  phase=RELEASE   parcel=0  tcp=[-0.005  0.349  0.082]  sorted=0.0
  step  80  phase=DESCEND   parcel=1  tcp=[ 0.056 -0.001  0.221]  sorted=0.0
  step 100  phase=LIFT      parcel=1  tcp=[0.057 0.002 0.061]  sorted=0.0
  step 120  phase=DROP      parcel=1  tcp=[-0.006 -0.364  0.161]  sorted=0.0
  step 140  phase=DONE      parcel=2  tcp=[-0.001 -0.096  0.265]  sorted=1.0
  ep  59 seed=1059 sorted=1/2 success=False

recorded 60 episodes  (59 full-success)  -> /home/david/code/marso_hackathon/il/demos/easy/trajectory.h5

[replay -> state]  /home/david/code/marso_hackathon/.pixi/envs/default/bin/python /home/david/code/marso_hackathon/il/_replay.py --traj-path /home/david/code/marso_hackathon/il/demos/easy/trajectory.h5 --obs-mode state --sim-backend physx_cuda --save-traj --num-envs 1
  0%|          | 0/60 [00:00<?, ?step/s]0step [00:00, ?step/s][33;1m2026-06-17 16:06:59,287 - mani_skill  - WARNING - mani_skill is not installed with git.[0m
  0%|          | 0/60 [00:00<?, ?step/s]  0%|          | 0/60 [00:00<?, ?step/s][33;1m2026-06-17 16:06:59,299 - mani_skill  - WARNING - Reset kwargs includes options, which are not supported in GPU sim replay and will be ignored.[0m
  2%|▏         | 1/60 [00:03<03:17,  3.35s/step]  3%|▎         | 2/60 [00:06<03:10,  3.28s/step]  5%|▌         | 3/60 [00:09<03:02,  3.19s/step]  7%|▋         | 4/60 [00:12<02:56,  3.16s/step]  8%|▊         | 5/60 [00:16<02:55,  3.19s/step] 10%|█         | 6/60 [00:19<02:52,  3.20s/step] 12%|█▏        | 7/60 [00:22<02:50,  3.21s/step] 13%|█▎        | 8/60 [00:25<02:44,  3.17s/step] 15%|█▌        | 9/60 [00:28<02:40,  3.14s/step] 17%|█▋        | 10/60 [00:31<02:35,  3.11s/step] 18%|█▊        | 11/60 [00:34<02:32,  3.11s/step] 20%|██        | 12/60 [00:37<02:30,  3.13s/step] 22%|██▏       | 13/60 [00:41<02:25,  3.11s/step] 23%|██▎       | 14/60 [00:44<02:24,  3.14s/step] 25%|██▌       | 15/60 [00:47<02:21,  3.14s/step] 27%|██▋       | 16/60 [00:50<02:19,  3.17s/step] 28%|██▊       | 17/60 [00:53<02:15,  3.16s/step] 30%|███       | 18/60 [00:56<02:12,  3.16s/step] 32%|███▏      | 19/60 [01:00<02:15,  3.30s/step] 33%|███▎      | 20/60 [01:03<02:09,  3.24s/step] 35%|███▌      | 21/60 [01:06<02:04,  3.20s/step] 37%|███▋      | 22/60 [01:09<01:59,  3.15s/step] 38%|███▊      | 23/60 [01:12<01:55,  3.13s/step] 40%|████      | 24/60 [01:15<01:51,  3.11s/step] 42%|████▏     | 25/60 [01:19<01:48,  3.11s/step] 43%|████▎     | 26/60 [01:22<01:45,  3.10s/step] 45%|████▌     | 27/60 [01:25<01:42,  3.10s/step] 47%|████▋     | 28/60 [01:28<01:40,  3.13s/step] 48%|████▊     | 29/60 [01:31<01:36,  3.12s/step] 50%|█████     | 30/60 [01:34<01:33,  3.11s/step] 52%|█████▏    | 31/60 [01:37<01:29,  3.10s/step] 53%|█████▎    | 32/60 [01:40<01:26,  3.10s/step] 55%|█████▌    | 33/60 [01:43<01:24,  3.11s/step] 57%|█████▋    | 34/60 [01:47<01:21,  3.13s/step] 58%|█████▊    | 35/60 [01:50<01:18,  3.13s/step] 60%|██████    | 36/60 [01:53<01:15,  3.13s/step] 62%|██████▏   | 37/60 [01:56<01:11,  3.12s/step] 63%|██████▎   | 38/60 [01:59<01:08,  3.12s/step] 65%|██████▌   | 39/60 [02:02<01:06,  3.15s/step] 67%|██████▋   | 40/60 [02:05<01:02,  3.14s/step] 68%|██████▊   | 41/60 [02:08<00:59,  3.12s/step] 70%|███████   | 42/60 [02:12<00:56,  3.12s/step] 72%|███████▏  | 43/60 [02:15<00:52,  3.11s/step] 73%|███████▎  | 44/60 [02:18<00:49,  3.09s/step] 75%|███████▌  | 45/60 [02:21<00:46,  3.09s/step] 77%|███████▋  | 46/60 [02:24<00:42,  3.07s/step] 78%|███████▊  | 47/60 [02:27<00:39,  3.06s/step] 80%|████████  | 48/60 [02:30<00:36,  3.05s/step] 82%|████████▏ | 49/60 [02:33<00:33,  3.06s/step] 83%|████████▎ | 50/60 [02:36<00:30,  3.05s/step] 85%|████████▌ | 51/60 [02:39<00:27,  3.05s/step] 87%|████████▋ | 52/60 [02:42<00:24,  3.07s/step] 88%|████████▊ | 53/60 [02:45<00:21,  3.10s/step] 90%|█████████ | 54/60 [02:49<00:18,  3.13s/step] 92%|█████████▏| 55/60 [02:52<00:15,  3.12s/step] 93%|█████████▎| 56/60 [02:55<00:12,  3.12s/step] 95%|█████████▌| 57/60 [02:58<00:09,  3.13s/step] 97%|█████████▋| 58/60 [03:01<00:06,  3.12s/step] 98%|█████████▊| 59/60 [03:04<00:03,  3.11s/step]100%|██████████| 60/60 [03:07<00:00,  3.11s/step]100%|██████████| 60/60 [03:07<00:00,  3.13s/step]
  0%|          | 0/60 [03:08<?, ?step/s]
Replayed 60 episodes, 59/60=98.33% demos saved
[replay] done (state); see /home/david/code/marso_hackathon/il/demos/easy

[replay -> rgb]  /home/david/code/marso_hackathon/.pixi/envs/default/bin/python /home/david/code/marso_hackathon/il/_replay.py --traj-path /home/david/code/marso_hackathon/il/demos/easy/trajectory.h5 --obs-mode rgb --sim-backend physx_cuda --save-traj --num-envs 1
  0%|          | 0/60 [00:00<?, ?step/s]0step [00:00, ?step/s][33;1m2026-06-17 16:10:10,930 - mani_skill  - WARNING - mani_skill is not installed with git.[0m
  0%|          | 0/60 [00:00<?, ?step/s]  0%|          | 0/60 [00:00<?, ?step/s][33;1m2026-06-17 16:10:10,939 - mani_skill  - WARNING - Reset kwargs includes options, which are not supported in GPU sim replay and will be ignored.[0m
  2%|▏         | 1/60 [00:03<03:26,  3.49s/step]  3%|▎         | 2/60 [00:06<03:19,  3.45s/step]  5%|▌         | 3/60 [00:10<03:11,  3.36s/step]  7%|▋         | 4/60 [00:13<03:06,  3.33s/step]  8%|▊         | 5/60 [00:16<03:05,  3.37s/step] 10%|█         | 6/60 [00:20<03:02,  3.39s/step] 12%|█▏        | 7/60 [00:23<03:00,  3.40s/step] 13%|█▎        | 8/60 [00:27<02:54,  3.36s/step] 15%|█▌        | 9/60 [00:30<02:50,  3.34s/step] 17%|█▋        | 10/60 [00:33<02:45,  3.31s/step] 18%|█▊        | 11/60 [00:36<02:41,  3.30s/step] 20%|██        | 12/60 [00:40<02:39,  3.32s/step] 22%|██▏       | 13/60 [00:43<02:34,  3.29s/step] 23%|██▎       | 14/60 [00:46<02:32,  3.32s/step] 25%|██▌       | 15/60 [00:50<02:29,  3.33s/step] 27%|██▋       | 16/60 [00:53<02:27,  3.35s/step] 28%|██▊       | 17/60 [00:56<02:23,  3.34s/step] 30%|███       | 18/60 [01:00<02:20,  3.34s/step] 32%|███▏      | 19/60 [01:04<02:22,  3.48s/step] 33%|███▎      | 20/60 [01:07<02:17,  3.43s/step] 35%|███▌      | 21/60 [01:10<02:11,  3.37s/step] 37%|███▋      | 22/60 [01:13<02:06,  3.33s/step] 38%|███▊      | 23/60 [01:17<02:02,  3.30s/step] 40%|████      | 24/60 [01:20<01:57,  3.28s/step] 42%|████▏     | 25/60 [01:23<01:54,  3.28s/step] 43%|████▎     | 26/60 [01:26<01:51,  3.27s/step] 45%|████▌     | 27/60 [01:30<01:48,  3.27s/step] 47%|████▋     | 28/60 [01:33<01:45,  3.30s/step] 48%|████▊     | 29/60 [01:36<01:42,  3.30s/step] 50%|█████     | 30/60 [01:39<01:38,  3.29s/step] 52%|█████▏    | 31/60 [01:43<01:35,  3.28s/step] 53%|█████▎    | 32/60 [01:46<01:31,  3.28s/step] 55%|█████▌    | 33/60 [01:49<01:29,  3.31s/step] 57%|█████▋    | 34/60 [01:53<01:26,  3.33s/step] 58%|█████▊    | 35/60 [01:56<01:23,  3.32s/step] 60%|██████    | 36/60 [01:59<01:19,  3.32s/step] 62%|██████▏   | 37/60 [02:03<01:16,  3.31s/step] 63%|██████▎   | 38/60 [02:06<01:12,  3.31s/step] 65%|██████▌   | 39/60 [02:09<01:09,  3.32s/step] 67%|██████▋   | 40/60 [02:13<01:06,  3.31s/step] 68%|██████▊   | 41/60 [02:16<01:02,  3.31s/step] 70%|███████   | 42/60 [02:19<00:59,  3.30s/step] 72%|███████▏  | 43/60 [02:22<00:55,  3.29s/step] 73%|███████▎  | 44/60 [02:27<00:58,  3.63s/step] 75%|███████▌  | 45/60 [02:31<00:58,  3.90s/step] 77%|███████▋  | 46/60 [02:36<00:57,  4.08s/step] 78%|███████▊  | 47/60 [02:41<00:55,  4.24s/step] 80%|████████  | 48/60 [02:45<00:52,  4.34s/step] 82%|████████▏ | 49/60 [02:50<00:48,  4.44s/step] 83%|████████▎ | 50/60 [02:54<00:44,  4.46s/step] 85%|████████▌ | 51/60 [02:59<00:40,  4.51s/step] 87%|████████▋ | 52/60 [03:03<00:36,  4.52s/step] 88%|████████▊ | 53/60 [03:08<00:31,  4.55s/step] 90%|█████████ | 54/60 [03:13<00:27,  4.60s/step] 92%|█████████▏| 55/60 [03:17<00:23,  4.62s/step] 93%|█████████▎| 56/60 [03:22<00:18,  4.60s/step] 95%|█████████▌| 57/60 [03:27<00:13,  4.58s/step] 97%|█████████▋| 58/60 [03:31<00:09,  4.58s/step] 98%|█████████▊| 59/60 [03:36<00:04,  4.55s/step]100%|██████████| 60/60 [03:40<00:00,  4.53s/step]100%|██████████| 60/60 [03:40<00:00,  3.68s/step]
  0%|          | 0/60 [03:42<?, ?step/s]
Replayed 60 episodes, 59/60=98.33% demos saved
[replay] done (rgb); see /home/david/code/marso_hackathon/il/demos/easy
